\BOOKMARK [1][-]{section.1}{\376\377\137\025\212\000}{}% 1
\BOOKMARK [1][-]{section.2}{\376\377\166\370\121\163\135\345\117\134}{}% 2
\BOOKMARK [1][-]{section.3}{\376\377\145\160\143\156\116\016\170\024\172\166\123\072\127\337}{}% 3
\BOOKMARK [2][-]{subsection.3.1}{\376\377\211\302\155\113\147\145\156\220\116\016\172\172\225\364\211\206\166\326\203\003\126\364}{section.3}% 4
\BOOKMARK [2][-]{subsection.3.2}{\376\377\227\034\121\273\116\213\116\366\122\006\136\003\116\016\133\143\202\202\162\171\137\201}{section.3}% 5
\BOOKMARK [2][-]{subsection.3.3}{\376\377\211\302\155\113\123\330\221\317\116\016\162\151\164\006\141\017\116\111\151\202\217\360}{section.3}% 6
\BOOKMARK [2][-]{subsection.3.4}{\376\377\145\160\143\156\215\050\221\317\116\016\000\040\000Q\000C\000\040\151\202\211\310}{section.3}% 7
\BOOKMARK [1][-]{section.4}{\376\377\145\271\154\325}{}% 8
\BOOKMARK [2][-]{subsection.4.1}{\376\377\145\160\143\156\230\204\131\004\164\006\116\016\000\040\000Q\000C\000\040\155\101\172\013}{section.4}% 9
\BOOKMARK [2][-]{subsection.4.2}{\376\377\162\171\137\201\135\345\172\013\116\016\000\040\000A\000B\000C\000D\000\040\162\171\137\201\167\351\226\065}{section.4}% 10
\BOOKMARK [2][-]{subsection.4.3}{\376\377\162\171\137\201\220\011\142\351\116\016\162\171\137\201\221\315\211\201\140\047\122\006\147\220}{section.4}% 11
\BOOKMARK [2][-]{subsection.4.4}{\376\377\152\041\127\213\145\317\116\016\213\255\176\303\221\115\177\156}{section.4}% 12
\BOOKMARK [2][-]{subsection.4.5}{\376\377\213\255\176\303\000/\232\214\213\301\122\022\122\006\116\016\226\062\154\304\157\017}{section.4}% 13
\BOOKMARK [2][-]{subsection.4.6}{\376\377\213\304\117\060\143\007\150\007}{section.4}% 14
\BOOKMARK [1][-]{section.5}{\376\377\133\236\232\214\176\323\147\234}{}% 15
\BOOKMARK [2][-]{subsection.5.1}{\376\377\133\236\232\214\211\304\152\041\116\016\176\323\147\234\151\202\211\310\377\010\0002\0000\0002\0005\000-\0001\0002\000-\0000\0004\377\011}{section.5}% 16
\BOOKMARK [2][-]{subsection.5.2}{\376\377\152\041\127\213\140\047\200\375\123\357\211\306\123\026\116\016\176\374\124\010\122\006\147\220}{section.5}% 17
\BOOKMARK [2][-]{subsection.5.3}{\376\377\145\164\117\123\151\202\163\207\116\016\156\051\136\246\230\204\155\113\140\047\200\375}{section.5}% 18
\BOOKMARK [2][-]{subsection.5.4}{\376\377\151\202\163\207\150\041\121\306\116\016\123\357\227\140\140\047}{section.5}% 19
\BOOKMARK [2][-]{subsection.5.5}{\376\377\000L\000O\000S\000O\000\040\172\172\225\364\154\333\123\026}{section.5}% 20
\BOOKMARK [2][-]{subsection.5.6}{\376\377\162\171\137\201\167\351\226\065\116\016\152\041\127\213\145\317\133\371\153\324}{section.5}% 21
\BOOKMARK [2][-]{subsection.5.7}{\376\377\162\171\137\201\155\036\133\337}{section.5}% 22
\BOOKMARK [1][-]{section.6}{\376\377\213\250\213\272}{}% 23
\BOOKMARK [1][-]{section.7}{\376\377\121\263\173\126\145\057\143\001\136\224\165\050}{}% 24
\BOOKMARK [1][-]{section.8}{\376\377\124\014\153\145\154\024\214\141\142\323\134\125\116\016\147\052\147\145\135\345\117\134}{}% 25
\BOOKMARK [1][-]{section.9}{\376\377\123\357\131\015\163\260\140\047\116\016\137\000\156\220}{}% 26
\BOOKMARK [1][-]{section.10}{\376\377\176\323\213\272}{}% 27
