Traceback (most recent call last):
  File "/home/zhengkun-li/frost-risk-forecast-challenge/scripts/train/train_frost_forecast.py", line 856, in main
    result = train_models_for_horizon(
             ^^^^^^^^^^^^^^^^^^^^^^^^^
  File "/home/zhengkun-li/frost-risk-forecast-challenge/scripts/train/train_frost_forecast.py", line 497, in train_models_for_horizon
    model_frost.fit(
  File "/home/zhengkun-li/frost-risk-forecast-challenge/src/models/ml/catboost_model.py", line 60, in fit
    X_val, y_val = eval_set
    ^^^^^^^^^^^^
ValueError: not enough values to unpack (expected 2, got 1)
Traceback (most recent call last):
  File "/home/zhengkun-li/frost-risk-forecast-challenge/scripts/train/train_frost_forecast.py", line 856, in main
    result = train_models_for_horizon(
             ^^^^^^^^^^^^^^^^^^^^^^^^^
  File "/home/zhengkun-li/frost-risk-forecast-challenge/scripts/train/train_frost_forecast.py", line 497, in train_models_for_horizon
    model_frost.fit(
  File "/home/zhengkun-li/frost-risk-forecast-challenge/src/models/ml/catboost_model.py", line 60, in fit
    X_val, y_val = eval_set
    ^^^^^^^^^^^^
ValueError: not enough values to unpack (expected 2, got 1)
Traceback (most recent call last):
  File "/home/zhengkun-li/frost-risk-forecast-challenge/scripts/train/train_frost_forecast.py", line 856, in main
    result = train_models_for_horizon(
             ^^^^^^^^^^^^^^^^^^^^^^^^^
  File "/home/zhengkun-li/frost-risk-forecast-challenge/scripts/train/train_frost_forecast.py", line 497, in train_models_for_horizon
    model_frost.fit(
  File "/home/zhengkun-li/frost-risk-forecast-challenge/src/models/ml/catboost_model.py", line 60, in fit
    X_val, y_val = eval_set
    ^^^^^^^^^^^^
ValueError: not enough values to unpack (expected 2, got 1)
Traceback (most recent call last):
  File "/home/zhengkun-li/frost-risk-forecast-challenge/scripts/train/train_frost_forecast.py", line 856, in main
    result = train_models_for_horizon(
             ^^^^^^^^^^^^^^^^^^^^^^^^^
  File "/home/zhengkun-li/frost-risk-forecast-challenge/scripts/train/train_frost_forecast.py", line 497, in train_models_for_horizon
    model_frost.fit(
  File "/home/zhengkun-li/frost-risk-forecast-challenge/src/models/ml/catboost_model.py", line 60, in fit
    X_val, y_val = eval_set
    ^^^^^^^^^^^^
ValueError: not enough values to unpack (expected 2, got 1)
Output directory: experiments/catboost/top175_features

============================================================
Step 1: Loading Data
============================================================
Loading 18 station files from /home/zhengkun-li/frost-risk-forecast-challenge/data/raw/frost-risk-forecast-challenge/stations...
  Loaded 5/18 files...  Loaded 10/18 files...  Loaded 15/18 files...  Loaded 18/18 files...
Combining 18 station DataFrames...
Combined data: 2367360 rows, 26 columns
Stations: 18
Loaded 2367360 rows, 26 columns
Optimizing data types to reduce memory...
Memory usage after optimization: 1.50 GB

============================================================
Step 2: Cleaning Data
============================================================
After cleaning: 2367360 rows

============================================================
Step 3: Feature Engineering
============================================================
After feature engineering: 2367360 rows, 313 columns
Memory usage: 3.95 GB
Optimizing feature data types...
Memory usage after optimization: 3.95 GB

============================================================
Step 4: Creating Frost Labels
============================================================
  3h horizon: 20579.0/2367360 frost events (0.87%)
  6h horizon: 20579.0/2367360 frost events (0.87%)
  12h horizon: 20579.0/2367360 frost events (0.87%)
  24h horizon: 20579.0/2367360 frost events (0.87%)

Saved labeled data to experiments/catboost/top175_features/labeled_data.parquet

Using top 175 features based on importance
  Importance file: /home/zhengkun-li/frost-risk-forecast-challenge/experiments/lightgbm/feature_importance/feature_importance_3h_all.csv

============================================================
Training models for 3h horizon
============================================================
  Applying feature selection...
    Original features: 298
    Loaded feature importance from /home/zhengkun-li/frost-risk-forecast-challenge/experiments/lightgbm/feature_importance/feature_importance_3h_all.csv
  After selecting by importance: 175 features
    Selected features: 175
    Removed features: 123
Features: 175
Samples: 2367306
Frost events: 20579.0 (0.87%)
Train: 1657078, Val: 355087, Test: 355090

Training classification model for frost probability...
❌ Error training 3h model: not enough values to unpack (expected 2, got 1)

============================================================
Training models for 6h horizon
============================================================
  Applying feature selection...
    Original features: 298
    Loaded feature importance from /home/zhengkun-li/frost-risk-forecast-challenge/experiments/lightgbm/feature_importance/feature_importance_3h_all.csv
  After selecting by importance: 175 features
    Selected features: 175
    Removed features: 123
Features: 175
Samples: 2367252
Frost events: 20579.0 (0.87%)
Train: 1657004, Val: 355070, Test: 355076

Training classification model for frost probability...
❌ Error training 6h model: not enough values to unpack (expected 2, got 1)

============================================================
Training models for 12h horizon
============================================================
  Applying feature selection...
    Original features: 298
    Loaded feature importance from /home/zhengkun-li/frost-risk-forecast-challenge/experiments/lightgbm/feature_importance/feature_importance_3h_all.csv
  After selecting by importance: 175 features
    Selected features: 175
    Removed features: 123
Features: 175
Samples: 2367144
Frost events: 20579.0 (0.87%)
Train: 1656856, Val: 355036, Test: 355048

Training classification model for frost probability...
❌ Error training 12h model: not enough values to unpack (expected 2, got 1)

============================================================
Training models for 24h horizon
============================================================
  Applying feature selection...
    Original features: 298
    Loaded feature importance from /home/zhengkun-li/frost-risk-forecast-challenge/experiments/lightgbm/feature_importance/feature_importance_3h_all.csv
  After selecting by importance: 175 features
    Selected features: 175
    Removed features: 123
Features: 175
Samples: 2366928
Frost events: 20579.0 (0.87%)
Train: 1656561, Val: 354967, Test: 354992

Training classification model for frost probability...
❌ Error training 24h model: not enough values to unpack (expected 2, got 1)

============================================================
Summary Report
============================================================

✅ Training completed!
Results saved to: experiments/catboost/top175_features
