Output directory: experiments/random_forest/top175_features

============================================================
Step 1: Loading Data
============================================================
Loading 18 station files from /home/zhengkun-li/frost-risk-forecast-challenge/data/raw/frost-risk-forecast-challenge/stations...
  Loaded 5/18 files...  Loaded 10/18 files...  Loaded 15/18 files...  Loaded 18/18 files...
Combining 18 station DataFrames...
Combined data: 2367360 rows, 26 columns
Stations: 18
Loaded 2367360 rows, 26 columns
Optimizing data types to reduce memory...
Memory usage after optimization: 1.50 GB

============================================================
Step 2: Cleaning Data
============================================================
After cleaning: 2367360 rows

============================================================
Step 3: Feature Engineering
============================================================
After feature engineering: 2367360 rows, 313 columns
Memory usage: 3.95 GB
Optimizing feature data types...
Memory usage after optimization: 3.95 GB

============================================================
Step 4: Creating Frost Labels
============================================================
  3h horizon: 20579.0/2367360 frost events (0.87%)
  6h horizon: 20579.0/2367360 frost events (0.87%)
  12h horizon: 20579.0/2367360 frost events (0.87%)
  24h horizon: 20579.0/2367360 frost events (0.87%)

Saved labeled data to experiments/random_forest/top175_features/labeled_data.parquet

Using top 175 features based on importance
  Importance file: /home/zhengkun-li/frost-risk-forecast-challenge/experiments/lightgbm/feature_importance/feature_importance_3h_all.csv

============================================================
Training models for 3h horizon
============================================================
  Applying feature selection...
    Original features: 298
    Loaded feature importance from /home/zhengkun-li/frost-risk-forecast-challenge/experiments/lightgbm/feature_importance/feature_importance_3h_all.csv
  After selecting by importance: 175 features
    Selected features: 175
    Removed features: 123
Features: 175
Samples: 2367306
Frost events: 20579.0 (0.87%)
Train: 1657078, Val: 355087, Test: 355090

Training classification model for frost probability...
Training regression model for temperature...

Evaluating on test set...

Classification Metrics (Frost Probability):
accuracy: 0.9964
brier_score: 0.0027
ece: 0.0015
f1: 0.6303
fn: 805
fp: 490
pr_auc: 0.6917
precision: 0.6926
recall: 0.5783
roc_auc: 0.9963
tn: 352691
tp: 1104

Regression Metrics (Temperature):
mae: 1.4243
mape: 15.4966
r2: 0.9547
rmse: 1.8832

Generating reliability diagram...

============================================================
Training models for 6h horizon
============================================================
  Applying feature selection...
    Original features: 298
    Loaded feature importance from /home/zhengkun-li/frost-risk-forecast-challenge/experiments/lightgbm/feature_importance/feature_importance_3h_all.csv
  After selecting by importance: 175 features
    Selected features: 175
    Removed features: 123
Features: 175
Samples: 2367252
Frost events: 20579.0 (0.87%)
Train: 1657004, Val: 355070, Test: 355076

Training classification model for frost probability...
Training regression model for temperature...

Evaluating on test set...

Classification Metrics (Frost Probability):
accuracy: 0.9952
brier_score: 0.0036
ece: 0.0029
f1: 0.5016
fn: 1045
fp: 672
pr_auc: 0.5323
precision: 0.5625
recall: 0.4526
roc_auc: 0.9928
tn: 352495
tp: 864

Regression Metrics (Temperature):
mae: 1.9565
mape: 21.3876
r2: 0.9174
rmse: 2.5419

Generating reliability diagram...

============================================================
Training models for 12h horizon
============================================================
  Applying feature selection...
    Original features: 298
    Loaded feature importance from /home/zhengkun-li/frost-risk-forecast-challenge/experiments/lightgbm/feature_importance/feature_importance_3h_all.csv
  After selecting by importance: 175 features
    Selected features: 175
    Removed features: 123
Features: 175
Samples: 2367144
Frost events: 20579.0 (0.87%)
Train: 1656856, Val: 355036, Test: 355048

Training classification model for frost probability...
Training regression model for temperature...

Evaluating on test set...

Classification Metrics (Frost Probability):
accuracy: 0.9952
brier_score: 0.0039
ece: 0.0034
f1: 0.3957
fn: 1355
fp: 337
pr_auc: 0.4628
precision: 0.6218
recall: 0.2902
roc_auc: 0.9876
tn: 352802
tp: 554

Regression Metrics (Temperature):
mae: 2.0049
mape: 24.5105
r2: 0.9124
rmse: 2.6179

Generating reliability diagram...

============================================================
Training models for 24h horizon
============================================================
  Applying feature selection...
    Original features: 298
    Loaded feature importance from /home/zhengkun-li/frost-risk-forecast-challenge/experiments/lightgbm/feature_importance/feature_importance_3h_all.csv
  After selecting by importance: 175 features
    Selected features: 175
    Removed features: 123
Features: 175
Samples: 2366928
Frost events: 20579.0 (0.87%)
Train: 1656561, Val: 354967, Test: 354992

Training classification model for frost probability...
Training regression model for temperature...

Evaluating on test set...

Classification Metrics (Frost Probability):
accuracy: 0.9944
brier_score: 0.0045
ece: 0.0044
f1: 0.3654
fn: 1334
fp: 663
pr_auc: 0.3841
precision: 0.4645
recall: 0.3012
roc_auc: 0.9835
tn: 352420
tp: 575

Regression Metrics (Temperature):
mae: 1.9927
mape: 24.7496
r2: 0.9132
rmse: 2.6058

Generating reliability diagram...

============================================================
Summary Report
============================================================

3h Horizon:
  Frost - Brier: 0.0027, ECE: 0.0015, ROC-AUC: 0.9963
  Temp  - MAE: 1.4243, RMSE: 1.8832, R²: 0.9547

6h Horizon:
  Frost - Brier: 0.0036, ECE: 0.0029, ROC-AUC: 0.9928
  Temp  - MAE: 1.9565, RMSE: 2.5419, R²: 0.9174

12h Horizon:
  Frost - Brier: 0.0039, ECE: 0.0034, ROC-AUC: 0.9876
  Temp  - MAE: 2.0049, RMSE: 2.6179, R²: 0.9124

24h Horizon:
  Frost - Brier: 0.0045, ECE: 0.0044, ROC-AUC: 0.9835
  Temp  - MAE: 1.9927, RMSE: 2.6058, R²: 0.9132

✅ Training completed!
Results saved to: experiments/random_forest/top175_features

============================================================
LOSO (Leave-One-Station-Out) Evaluation
============================================================
Freed memory: released full dataset from RAM
Loading data from disk: experiments/random_forest/top175_features/labeled_data.parquet
Loaded 2367360 rows, 321 columns
Memory usage: 4.06 GB
Memory usage after optimization: 4.02 GB
Found 18 stations: [np.int16(2), np.int16(7), np.int16(15), np.int16(39), np.int16(47), np.int16(70), np.int16(71), np.int16(80), np.int16(105), np.int16(124), np.int16(125), np.int16(131), np.int16(146), np.int16(182), np.int16(194), np.int16(195), np.int16(205), np.int16(206)]
Freed full dataset from memory - will reload per station on-demand

============================================================
LOSO Evaluation: Processing 18 stations
   Memory optimization: Load data on-demand, free after each station
   Horizons: [3, 6, 12, 24]
============================================================

============================================================
[1/18] Processing Station 2
   Train stations: 17, Test station: 2
============================================================
  Loading data for station 2...
  Memory usage: 4.02 GB
  Train samples: 2235840, Test samples: 131520

  Processing 3h horizon...
  Applying feature selection...
    Original features: 298
    Loaded feature importance from /home/zhengkun-li/frost-risk-forecast-challenge/experiments/lightgbm/feature_importance/feature_importance_3h_all.csv
  After selecting by importance: 175 features
    Selected features: 175
    Removed features: 123
    Train samples: 2235789, Test samples: 131517
    ✅ Brier=0.0046, ECE=0.0028, ROC-AUC=0.9970, MAE=1.7032°C
    💾 Saved models to experiments/random_forest/top175_features/loso/station_2/horizon_3h

  Processing 6h horizon...
  Applying feature selection...
    Original features: 298
    Loaded feature importance from /home/zhengkun-li/frost-risk-forecast-challenge/experiments/lightgbm/feature_importance/feature_importance_3h_all.csv
  After selecting by importance: 175 features
    Selected features: 175
    Removed features: 123
    Train samples: 2235738, Test samples: 131514
    ✅ Brier=0.0059, ECE=0.0052, ROC-AUC=0.9954, MAE=2.2664°C
    💾 Saved models to experiments/random_forest/top175_features/loso/station_2/horizon_6h

  Processing 12h horizon...
  Applying feature selection...
    Original features: 298
    Loaded feature importance from /home/zhengkun-li/frost-risk-forecast-challenge/experiments/lightgbm/feature_importance/feature_importance_3h_all.csv
  After selecting by importance: 175 features
    Selected features: 175
    Removed features: 123
    Train samples: 2235636, Test samples: 131508
    ✅ Brier=0.0073, ECE=0.0045, ROC-AUC=0.9894, MAE=1.9947°C
    💾 Saved models to experiments/random_forest/top175_features/loso/station_2/horizon_12h

  Processing 24h horizon...
  Applying feature selection...
    Original features: 298
    Loaded feature importance from /home/zhengkun-li/frost-risk-forecast-challenge/experiments/lightgbm/feature_importance/feature_importance_3h_all.csv
  After selecting by importance: 175 features
    Selected features: 175
    Removed features: 123
    Train samples: 2235432, Test samples: 131496
    ✅ Brier=0.0073, ECE=0.0018, ROC-AUC=0.9883, MAE=1.9971°C
    💾 Saved models to experiments/random_forest/top175_features/loso/station_2/horizon_24h
  Freed memory: released station 2 data

  ✅ Station 2 completed and saved!
     Progress: 1/18 stations

============================================================
[2/18] Processing Station 7
   Train stations: 17, Test station: 7
============================================================
  Loading data for station 7...
  Memory usage: 4.02 GB
  Train samples: 2235840, Test samples: 131520

  Processing 3h horizon...
  Applying feature selection...
    Original features: 298
    Loaded feature importance from /home/zhengkun-li/frost-risk-forecast-challenge/experiments/lightgbm/feature_importance/feature_importance_3h_all.csv
  After selecting by importance: 175 features
    Selected features: 175
    Removed features: 123
    Train samples: 2235789, Test samples: 131517
    ✅ Brier=0.0031, ECE=0.0024, ROC-AUC=0.9978, MAE=1.5895°C
    💾 Saved models to experiments/random_forest/top175_features/loso/station_7/horizon_3h

  Processing 6h horizon...
  Applying feature selection...
    Original features: 298
    Loaded feature importance from /home/zhengkun-li/frost-risk-forecast-challenge/experiments/lightgbm/feature_importance/feature_importance_3h_all.csv
  After selecting by importance: 175 features
    Selected features: 175
    Removed features: 123
    Train samples: 2235738, Test samples: 131514
    ✅ Brier=0.0044, ECE=0.0036, ROC-AUC=0.9951, MAE=2.2248°C
    💾 Saved models to experiments/random_forest/top175_features/loso/station_7/horizon_6h

  Processing 12h horizon...
  Applying feature selection...
    Original features: 298
    Loaded feature importance from /home/zhengkun-li/frost-risk-forecast-challenge/experiments/lightgbm/feature_importance/feature_importance_3h_all.csv
  After selecting by importance: 175 features
    Selected features: 175
    Removed features: 123
    Train samples: 2235636, Test samples: 131508
    ✅ Brier=0.0051, ECE=0.0032, ROC-AUC=0.9889, MAE=1.9363°C
    💾 Saved models to experiments/random_forest/top175_features/loso/station_7/horizon_12h

  Processing 24h horizon...
  Applying feature selection...
    Original features: 298
    Loaded feature importance from /home/zhengkun-li/frost-risk-forecast-challenge/experiments/lightgbm/feature_importance/feature_importance_3h_all.csv
  After selecting by importance: 175 features
    Selected features: 175
    Removed features: 123
    Train samples: 2235432, Test samples: 131496
    ✅ Brier=0.0052, ECE=0.0009, ROC-AUC=0.9876, MAE=1.9531°C
    💾 Saved models to experiments/random_forest/top175_features/loso/station_7/horizon_24h
  Freed memory: released station 7 data

  ✅ Station 7 completed and saved!
     Progress: 2/18 stations

============================================================
[3/18] Processing Station 15
   Train stations: 17, Test station: 15
============================================================
  Loading data for station 15...
  Memory usage: 4.02 GB
  Train samples: 2235840, Test samples: 131520

  Processing 3h horizon...
  Applying feature selection...
    Original features: 298
    Loaded feature importance from /home/zhengkun-li/frost-risk-forecast-challenge/experiments/lightgbm/feature_importance/feature_importance_3h_all.csv
  After selecting by importance: 175 features
    Selected features: 175
    Removed features: 123
    Train samples: 2235789, Test samples: 131517
    ✅ Brier=0.0041, ECE=0.0032, ROC-AUC=0.9974, MAE=1.6893°C
    💾 Saved models to experiments/random_forest/top175_features/loso/station_15/horizon_3h

  Processing 6h horizon...
  Applying feature selection...
    Original features: 298
    Loaded feature importance from /home/zhengkun-li/frost-risk-forecast-challenge/experiments/lightgbm/feature_importance/feature_importance_3h_all.csv
  After selecting by importance: 175 features
    Selected features: 175
    Removed features: 123
    Train samples: 2235738, Test samples: 131514
    ✅ Brier=0.0055, ECE=0.0048, ROC-AUC=0.9948, MAE=2.2883°C
    💾 Saved models to experiments/random_forest/top175_features/loso/station_15/horizon_6h

  Processing 12h horizon...
  Applying feature selection...
    Original features: 298
    Loaded feature importance from /home/zhengkun-li/frost-risk-forecast-challenge/experiments/lightgbm/feature_importance/feature_importance_3h_all.csv
  After selecting by importance: 175 features
    Selected features: 175
    Removed features: 123
    Train samples: 2235636, Test samples: 131508
    ✅ Brier=0.0070, ECE=0.0031, ROC-AUC=0.9877, MAE=1.9706°C
    💾 Saved models to experiments/random_forest/top175_features/loso/station_15/horizon_12h

  Processing 24h horizon...
  Applying feature selection...
    Original features: 298
    Loaded feature importance from /home/zhengkun-li/frost-risk-forecast-challenge/experiments/lightgbm/feature_importance/feature_importance_3h_all.csv
  After selecting by importance: 175 features
    Selected features: 175
    Removed features: 123
    Train samples: 2235432, Test samples: 131496
    ✅ Brier=0.0069, ECE=0.0018, ROC-AUC=0.9882, MAE=1.9877°C
    💾 Saved models to experiments/random_forest/top175_features/loso/station_15/horizon_24h
  Freed memory: released station 15 data

  ✅ Station 15 completed and saved!
     Progress: 3/18 stations

============================================================
[4/18] Processing Station 39
   Train stations: 17, Test station: 39
============================================================
  Loading data for station 39...
  Memory usage: 4.02 GB
  Train samples: 2235840, Test samples: 131520

  Processing 3h horizon...
  Applying feature selection...
    Original features: 298
    Loaded feature importance from /home/zhengkun-li/frost-risk-forecast-challenge/experiments/lightgbm/feature_importance/feature_importance_3h_all.csv
  After selecting by importance: 175 features
    Selected features: 175
    Removed features: 123
    Train samples: 2235789, Test samples: 131517
    ✅ Brier=0.0029, ECE=0.0026, ROC-AUC=0.9978, MAE=1.6259°C
    💾 Saved models to experiments/random_forest/top175_features/loso/station_39/horizon_3h

  Processing 6h horizon...
  Applying feature selection...
    Original features: 298
    Loaded feature importance from /home/zhengkun-li/frost-risk-forecast-challenge/experiments/lightgbm/feature_importance/feature_importance_3h_all.csv
  After selecting by importance: 175 features
    Selected features: 175
    Removed features: 123
    Train samples: 2235738, Test samples: 131514
    ✅ Brier=0.0038, ECE=0.0032, ROC-AUC=0.9950, MAE=2.1735°C
    💾 Saved models to experiments/random_forest/top175_features/loso/station_39/horizon_6h

  Processing 12h horizon...
  Applying feature selection...
    Original features: 298
    Loaded feature importance from /home/zhengkun-li/frost-risk-forecast-challenge/experiments/lightgbm/feature_importance/feature_importance_3h_all.csv
  After selecting by importance: 175 features
    Selected features: 175
    Removed features: 123
    Train samples: 2235636, Test samples: 131508
    ✅ Brier=0.0047, ECE=0.0029, ROC-AUC=0.9899, MAE=1.8838°C
    💾 Saved models to experiments/random_forest/top175_features/loso/station_39/horizon_12h

  Processing 24h horizon...
  Applying feature selection...
    Original features: 298
    Loaded feature importance from /home/zhengkun-li/frost-risk-forecast-challenge/experiments/lightgbm/feature_importance/feature_importance_3h_all.csv
  After selecting by importance: 175 features
    Selected features: 175
    Removed features: 123
    Train samples: 2235432, Test samples: 131496
    ✅ Brier=0.0047, ECE=0.0023, ROC-AUC=0.9900, MAE=1.9197°C
    💾 Saved models to experiments/random_forest/top175_features/loso/station_39/horizon_24h
  Freed memory: released station 39 data

  ✅ Station 39 completed and saved!
     Progress: 4/18 stations

============================================================
[5/18] Processing Station 47
   Train stations: 17, Test station: 47
============================================================
  Loading data for station 47...
  Memory usage: 4.02 GB
  Train samples: 2235840, Test samples: 131520

  Processing 3h horizon...
  Applying feature selection...
    Original features: 298
    Loaded feature importance from /home/zhengkun-li/frost-risk-forecast-challenge/experiments/lightgbm/feature_importance/feature_importance_3h_all.csv
  After selecting by importance: 175 features
    Selected features: 175
    Removed features: 123
    Train samples: 2235789, Test samples: 131517
    ✅ Brier=0.0015, ECE=0.0019, ROC-AUC=0.9981, MAE=1.7205°C
    💾 Saved models to experiments/random_forest/top175_features/loso/station_47/horizon_3h

  Processing 6h horizon...
  Applying feature selection...
    Original features: 298
    Loaded feature importance from /home/zhengkun-li/frost-risk-forecast-challenge/experiments/lightgbm/feature_importance/feature_importance_3h_all.csv
  After selecting by importance: 175 features
    Selected features: 175
    Removed features: 123
    Train samples: 2235738, Test samples: 131514
    ✅ Brier=0.0020, ECE=0.0033, ROC-AUC=0.9963, MAE=2.3247°C
    💾 Saved models to experiments/random_forest/top175_features/loso/station_47/horizon_6h

  Processing 12h horizon...
  Applying feature selection...
    Original features: 298
    Loaded feature importance from /home/zhengkun-li/frost-risk-forecast-challenge/experiments/lightgbm/feature_importance/feature_importance_3h_all.csv
  After selecting by importance: 175 features
    Selected features: 175
    Removed features: 123
    Train samples: 2235636, Test samples: 131508
    ✅ Brier=0.0025, ECE=0.0041, ROC-AUC=0.9869, MAE=2.1125°C
    💾 Saved models to experiments/random_forest/top175_features/loso/station_47/horizon_12h

  Processing 24h horizon...
  Applying feature selection...
    Original features: 298
    Loaded feature importance from /home/zhengkun-li/frost-risk-forecast-challenge/experiments/lightgbm/feature_importance/feature_importance_3h_all.csv
  After selecting by importance: 175 features
    Selected features: 175
    Removed features: 123
    Train samples: 2235432, Test samples: 131496
    ✅ Brier=0.0026, ECE=0.0024, ROC-AUC=0.9776, MAE=2.0941°C
    💾 Saved models to experiments/random_forest/top175_features/loso/station_47/horizon_24h
  Freed memory: released station 47 data

  ✅ Station 47 completed and saved!
     Progress: 5/18 stations

============================================================
[6/18] Processing Station 70
   Train stations: 17, Test station: 70
============================================================
  Loading data for station 70...
  Memory usage: 4.02 GB
  Train samples: 2235840, Test samples: 131520

  Processing 3h horizon...
  Applying feature selection...
    Original features: 298
    Loaded feature importance from /home/zhengkun-li/frost-risk-forecast-challenge/experiments/lightgbm/feature_importance/feature_importance_3h_all.csv
  After selecting by importance: 175 features
    Selected features: 175
    Removed features: 123
    Train samples: 2235789, Test samples: 131517
    ✅ Brier=0.0043, ECE=0.0019, ROC-AUC=0.9951, MAE=1.6798°C
    💾 Saved models to experiments/random_forest/top175_features/loso/station_70/horizon_3h

  Processing 6h horizon...
  Applying feature selection...
    Original features: 298
    Loaded feature importance from /home/zhengkun-li/frost-risk-forecast-challenge/experiments/lightgbm/feature_importance/feature_importance_3h_all.csv
  After selecting by importance: 175 features
    Selected features: 175
    Removed features: 123
    Train samples: 2235738, Test samples: 131514
    ✅ Brier=0.0057, ECE=0.0040, ROC-AUC=0.9920, MAE=2.2294°C
    💾 Saved models to experiments/random_forest/top175_features/loso/station_70/horizon_6h

  Processing 12h horizon...
  Applying feature selection...
    Original features: 298
    Loaded feature importance from /home/zhengkun-li/frost-risk-forecast-challenge/experiments/lightgbm/feature_importance/feature_importance_3h_all.csv
  After selecting by importance: 175 features
    Selected features: 175
    Removed features: 123
    Train samples: 2235636, Test samples: 131508
    ✅ Brier=0.0067, ECE=0.0046, ROC-AUC=0.9899, MAE=1.9734°C
    💾 Saved models to experiments/random_forest/top175_features/loso/station_70/horizon_12h

  Processing 24h horizon...
  Applying feature selection...
    Original features: 298
    Loaded feature importance from /home/zhengkun-li/frost-risk-forecast-challenge/experiments/lightgbm/feature_importance/feature_importance_3h_all.csv
  After selecting by importance: 175 features
    Selected features: 175
    Removed features: 123
    Train samples: 2235432, Test samples: 131496
    ✅ Brier=0.0068, ECE=0.0022, ROC-AUC=0.9893, MAE=1.9806°C
    💾 Saved models to experiments/random_forest/top175_features/loso/station_70/horizon_24h
  Freed memory: released station 70 data

  ✅ Station 70 completed and saved!
     Progress: 6/18 stations

============================================================
[7/18] Processing Station 71
   Train stations: 17, Test station: 71
============================================================
  Loading data for station 71...
  Memory usage: 4.02 GB
  Train samples: 2235840, Test samples: 131520

  Processing 3h horizon...
  Applying feature selection...
    Original features: 298
    Loaded feature importance from /home/zhengkun-li/frost-risk-forecast-challenge/experiments/lightgbm/feature_importance/feature_importance_3h_all.csv
  After selecting by importance: 175 features
    Selected features: 175
    Removed features: 123
    Train samples: 2235789, Test samples: 131517
    ✅ Brier=0.0054, ECE=0.0029, ROC-AUC=0.9963, MAE=1.7738°C
    💾 Saved models to experiments/random_forest/top175_features/loso/station_71/horizon_3h

  Processing 6h horizon...
  Applying feature selection...
    Original features: 298
    Loaded feature importance from /home/zhengkun-li/frost-risk-forecast-challenge/experiments/lightgbm/feature_importance/feature_importance_3h_all.csv
  After selecting by importance: 175 features
    Selected features: 175
    Removed features: 123
    Train samples: 2235738, Test samples: 131514
    ✅ Brier=0.0075, ECE=0.0051, ROC-AUC=0.9921, MAE=2.4009°C
    💾 Saved models to experiments/random_forest/top175_features/loso/station_71/horizon_6h

  Processing 12h horizon...
  Applying feature selection...
    Original features: 298
    Loaded feature importance from /home/zhengkun-li/frost-risk-forecast-challenge/experiments/lightgbm/feature_importance/feature_importance_3h_all.csv
  After selecting by importance: 175 features
    Selected features: 175
    Removed features: 123
    Train samples: 2235636, Test samples: 131508
    ✅ Brier=0.0092, ECE=0.0047, ROC-AUC=0.9884, MAE=2.0268°C
    💾 Saved models to experiments/random_forest/top175_features/loso/station_71/horizon_12h

  Processing 24h horizon...
  Applying feature selection...
    Original features: 298
    Loaded feature importance from /home/zhengkun-li/frost-risk-forecast-challenge/experiments/lightgbm/feature_importance/feature_importance_3h_all.csv
  After selecting by importance: 175 features
    Selected features: 175
    Removed features: 123
    Train samples: 2235432, Test samples: 131496
    ✅ Brier=0.0093, ECE=0.0022, ROC-AUC=0.9864, MAE=2.0142°C
    💾 Saved models to experiments/random_forest/top175_features/loso/station_71/horizon_24h
  Freed memory: released station 71 data

  ✅ Station 71 completed and saved!
     Progress: 7/18 stations

============================================================
[8/18] Processing Station 80
   Train stations: 17, Test station: 80
============================================================
  Loading data for station 80...
  Memory usage: 4.02 GB
  Train samples: 2235840, Test samples: 131520

  Processing 3h horizon...
  Applying feature selection...
    Original features: 298
    Loaded feature importance from /home/zhengkun-li/frost-risk-forecast-challenge/experiments/lightgbm/feature_importance/feature_importance_3h_all.csv
  After selecting by importance: 175 features
    Selected features: 175
    Removed features: 123
    Train samples: 2235789, Test samples: 131517
    ✅ Brier=0.0030, ECE=0.0029, ROC-AUC=0.9984, MAE=1.6128°C
    💾 Saved models to experiments/random_forest/top175_features/loso/station_80/horizon_3h

  Processing 6h horizon...
  Applying feature selection...
    Original features: 298
    Loaded feature importance from /home/zhengkun-li/frost-risk-forecast-challenge/experiments/lightgbm/feature_importance/feature_importance_3h_all.csv
  After selecting by importance: 175 features
    Selected features: 175
    Removed features: 123
    Train samples: 2235738, Test samples: 131514
    ✅ Brier=0.0041, ECE=0.0039, ROC-AUC=0.9957, MAE=2.1947°C
    💾 Saved models to experiments/random_forest/top175_features/loso/station_80/horizon_6h

  Processing 12h horizon...
  Applying feature selection...
    Original features: 298
    Loaded feature importance from /home/zhengkun-li/frost-risk-forecast-challenge/experiments/lightgbm/feature_importance/feature_importance_3h_all.csv
  After selecting by importance: 175 features
    Selected features: 175
    Removed features: 123
    Train samples: 2235636, Test samples: 131508
    ✅ Brier=0.0052, ECE=0.0028, ROC-AUC=0.9891, MAE=1.9180°C
    💾 Saved models to experiments/random_forest/top175_features/loso/station_80/horizon_12h

  Processing 24h horizon...
  Applying feature selection...
    Original features: 298
    Loaded feature importance from /home/zhengkun-li/frost-risk-forecast-challenge/experiments/lightgbm/feature_importance/feature_importance_3h_all.csv
  After selecting by importance: 175 features
    Selected features: 175
    Removed features: 123
    Train samples: 2235432, Test samples: 131496
    ✅ Brier=0.0050, ECE=0.0022, ROC-AUC=0.9897, MAE=1.9401°C
    💾 Saved models to experiments/random_forest/top175_features/loso/station_80/horizon_24h
  Freed memory: released station 80 data

  ✅ Station 80 completed and saved!
     Progress: 8/18 stations

============================================================
[9/18] Processing Station 105
   Train stations: 17, Test station: 105
============================================================
  Loading data for station 105...
  Memory usage: 4.02 GB
  Train samples: 2235840, Test samples: 131520

  Processing 3h horizon...
  Applying feature selection...
    Original features: 298
    Loaded feature importance from /home/zhengkun-li/frost-risk-forecast-challenge/experiments/lightgbm/feature_importance/feature_importance_3h_all.csv
  After selecting by importance: 175 features
    Selected features: 175
    Removed features: 123
    Train samples: 2235789, Test samples: 131517
    ✅ Brier=0.0058, ECE=0.0029, ROC-AUC=0.9957, MAE=1.8046°C
    💾 Saved models to experiments/random_forest/top175_features/loso/station_105/horizon_3h

  Processing 6h horizon...
  Applying feature selection...
    Original features: 298
    Loaded feature importance from /home/zhengkun-li/frost-risk-forecast-challenge/experiments/lightgbm/feature_importance/feature_importance_3h_all.csv
  After selecting by importance: 175 features
    Selected features: 175
    Removed features: 123
    Train samples: 2235738, Test samples: 131514
    ✅ Brier=0.0076, ECE=0.0059, ROC-AUC=0.9919, MAE=2.4021°C
    💾 Saved models to experiments/random_forest/top175_features/loso/station_105/horizon_6h

  Processing 12h horizon...
  Applying feature selection...
    Original features: 298
    Loaded feature importance from /home/zhengkun-li/frost-risk-forecast-challenge/experiments/lightgbm/feature_importance/feature_importance_3h_all.csv
  After selecting by importance: 175 features
    Selected features: 175
    Removed features: 123
    Train samples: 2235636, Test samples: 131508
    ✅ Brier=0.0093, ECE=0.0038, ROC-AUC=0.9852, MAE=2.1315°C
    💾 Saved models to experiments/random_forest/top175_features/loso/station_105/horizon_12h

  Processing 24h horizon...
  Applying feature selection...
    Original features: 298
    Loaded feature importance from /home/zhengkun-li/frost-risk-forecast-challenge/experiments/lightgbm/feature_importance/feature_importance_3h_all.csv
  After selecting by importance: 175 features
    Selected features: 175
    Removed features: 123
    Train samples: 2235432, Test samples: 131496
    ✅ Brier=0.0093, ECE=0.0025, ROC-AUC=0.9860, MAE=2.1194°C
    💾 Saved models to experiments/random_forest/top175_features/loso/station_105/horizon_24h
  Freed memory: released station 105 data

  ✅ Station 105 completed and saved!
     Progress: 9/18 stations

============================================================
[10/18] Processing Station 124
   Train stations: 17, Test station: 124
============================================================
  Loading data for station 124...
  Memory usage: 4.02 GB
  Train samples: 2235840, Test samples: 131520

  Processing 3h horizon...
  Applying feature selection...
    Original features: 298
    Loaded feature importance from /home/zhengkun-li/frost-risk-forecast-challenge/experiments/lightgbm/feature_importance/feature_importance_3h_all.csv
  After selecting by importance: 175 features
    Selected features: 175
    Removed features: 123
    Train samples: 2235789, Test samples: 131517
    ✅ Brier=0.0028, ECE=0.0027, ROC-AUC=0.9980, MAE=1.7369°C
    💾 Saved models to experiments/random_forest/top175_features/loso/station_124/horizon_3h

  Processing 6h horizon...
  Applying feature selection...
    Original features: 298
    Loaded feature importance from /home/zhengkun-li/frost-risk-forecast-challenge/experiments/lightgbm/feature_importance/feature_importance_3h_all.csv
  After selecting by importance: 175 features
    Selected features: 175
    Removed features: 123
    Train samples: 2235738, Test samples: 131514
    ✅ Brier=0.0036, ECE=0.0042, ROC-AUC=0.9965, MAE=2.2586°C
    💾 Saved models to experiments/random_forest/top175_features/loso/station_124/horizon_6h

  Processing 12h horizon...
  Applying feature selection...
    Original features: 298
    Loaded feature importance from /home/zhengkun-li/frost-risk-forecast-challenge/experiments/lightgbm/feature_importance/feature_importance_3h_all.csv
  After selecting by importance: 175 features
    Selected features: 175
    Removed features: 123
    Train samples: 2235636, Test samples: 131508
    ✅ Brier=0.0046, ECE=0.0035, ROC-AUC=0.9934, MAE=1.9571°C
    💾 Saved models to experiments/random_forest/top175_features/loso/station_124/horizon_12h

  Processing 24h horizon...
  Applying feature selection...
    Original features: 298
    Loaded feature importance from /home/zhengkun-li/frost-risk-forecast-challenge/experiments/lightgbm/feature_importance/feature_importance_3h_all.csv
  After selecting by importance: 175 features
    Selected features: 175
    Removed features: 123
    Train samples: 2235432, Test samples: 131496
    ✅ Brier=0.0050, ECE=0.0017, ROC-AUC=0.9915, MAE=1.9756°C
    💾 Saved models to experiments/random_forest/top175_features/loso/station_124/horizon_24h
  Freed memory: released station 124 data

  ✅ Station 124 completed and saved!
     Progress: 10/18 stations

============================================================
[11/18] Processing Station 125
   Train stations: 17, Test station: 125
============================================================
  Loading data for station 125...
  Memory usage: 4.02 GB
  Train samples: 2235840, Test samples: 131520

  Processing 3h horizon...
  Applying feature selection...
    Original features: 298
    Loaded feature importance from /home/zhengkun-li/frost-risk-forecast-challenge/experiments/lightgbm/feature_importance/feature_importance_3h_all.csv
  After selecting by importance: 175 features
    Selected features: 175
    Removed features: 123
    Train samples: 2235789, Test samples: 131517
    ✅ Brier=0.0024, ECE=0.0021, ROC-AUC=0.9980, MAE=1.8463°C
    💾 Saved models to experiments/random_forest/top175_features/loso/station_125/horizon_3h

  Processing 6h horizon...
  Applying feature selection...
    Original features: 298
    Loaded feature importance from /home/zhengkun-li/frost-risk-forecast-challenge/experiments/lightgbm/feature_importance/feature_importance_3h_all.csv
  After selecting by importance: 175 features
    Selected features: 175
    Removed features: 123
    Train samples: 2235738, Test samples: 131514
    ✅ Brier=0.0030, ECE=0.0028, ROC-AUC=0.9963, MAE=2.4592°C
    💾 Saved models to experiments/random_forest/top175_features/loso/station_125/horizon_6h

  Processing 12h horizon...
  Applying feature selection...
    Original features: 298
    Loaded feature importance from /home/zhengkun-li/frost-risk-forecast-challenge/experiments/lightgbm/feature_importance/feature_importance_3h_all.csv
  After selecting by importance: 175 features
    Selected features: 175
    Removed features: 123
    Train samples: 2235636, Test samples: 131508
    ✅ Brier=0.0037, ECE=0.0023, ROC-AUC=0.9934, MAE=2.1345°C
    💾 Saved models to experiments/random_forest/top175_features/loso/station_125/horizon_12h

  Processing 24h horizon...
  Applying feature selection...
    Original features: 298
    Loaded feature importance from /home/zhengkun-li/frost-risk-forecast-challenge/experiments/lightgbm/feature_importance/feature_importance_3h_all.csv
  After selecting by importance: 175 features
    Selected features: 175
    Removed features: 123
    Train samples: 2235432, Test samples: 131496
    ✅ Brier=0.0039, ECE=0.0010, ROC-AUC=0.9900, MAE=2.1707°C
    💾 Saved models to experiments/random_forest/top175_features/loso/station_125/horizon_24h
  Freed memory: released station 125 data

  ✅ Station 125 completed and saved!
     Progress: 11/18 stations

============================================================
[12/18] Processing Station 131
   Train stations: 17, Test station: 131
============================================================
  Loading data for station 131...
  Memory usage: 4.02 GB
  Train samples: 2235840, Test samples: 131520

  Processing 3h horizon...
  Applying feature selection...
    Original features: 298
    Loaded feature importance from /home/zhengkun-li/frost-risk-forecast-challenge/experiments/lightgbm/feature_importance/feature_importance_3h_all.csv
  After selecting by importance: 175 features
    Selected features: 175
    Removed features: 123
    Train samples: 2235789, Test samples: 131517
    ✅ Brier=0.0016, ECE=0.0016, ROC-AUC=0.9984, MAE=1.6803°C
    💾 Saved models to experiments/random_forest/top175_features/loso/station_131/horizon_3h

  Processing 6h horizon...
  Applying feature selection...
    Original features: 298
    Loaded feature importance from /home/zhengkun-li/frost-risk-forecast-challenge/experiments/lightgbm/feature_importance/feature_importance_3h_all.csv
  After selecting by importance: 175 features
    Selected features: 175
    Removed features: 123
    Train samples: 2235738, Test samples: 131514
    ✅ Brier=0.0021, ECE=0.0027, ROC-AUC=0.9968, MAE=2.1958°C
    💾 Saved models to experiments/random_forest/top175_features/loso/station_131/horizon_6h

  Processing 12h horizon...
  Applying feature selection...
    Original features: 298
    Loaded feature importance from /home/zhengkun-li/frost-risk-forecast-challenge/experiments/lightgbm/feature_importance/feature_importance_3h_all.csv
  After selecting by importance: 175 features
    Selected features: 175
    Removed features: 123
    Train samples: 2235636, Test samples: 131508
    ✅ Brier=0.0028, ECE=0.0032, ROC-AUC=0.9902, MAE=2.0979°C
    💾 Saved models to experiments/random_forest/top175_features/loso/station_131/horizon_12h

  Processing 24h horizon...
  Applying feature selection...
    Original features: 298
    Loaded feature importance from /home/zhengkun-li/frost-risk-forecast-challenge/experiments/lightgbm/feature_importance/feature_importance_3h_all.csv
  After selecting by importance: 175 features
    Selected features: 175
    Removed features: 123
    Train samples: 2235432, Test samples: 131496
    ✅ Brier=0.0029, ECE=0.0017, ROC-AUC=0.9849, MAE=2.0867°C
    💾 Saved models to experiments/random_forest/top175_features/loso/station_131/horizon_24h
  Freed memory: released station 131 data

  ✅ Station 131 completed and saved!
     Progress: 12/18 stations

============================================================
[13/18] Processing Station 146
   Train stations: 17, Test station: 146
============================================================
  Loading data for station 146...
  Memory usage: 4.02 GB
  Train samples: 2235840, Test samples: 131520

  Processing 3h horizon...
  Applying feature selection...
    Original features: 298
    Loaded feature importance from /home/zhengkun-li/frost-risk-forecast-challenge/experiments/lightgbm/feature_importance/feature_importance_3h_all.csv
  After selecting by importance: 175 features
    Selected features: 175
    Removed features: 123
    Train samples: 2235789, Test samples: 131517
    ✅ Brier=0.0033, ECE=0.0020, ROC-AUC=0.9970, MAE=1.8643°C
    💾 Saved models to experiments/random_forest/top175_features/loso/station_146/horizon_3h

  Processing 6h horizon...
  Applying feature selection...
    Original features: 298
    Loaded feature importance from /home/zhengkun-li/frost-risk-forecast-challenge/experiments/lightgbm/feature_importance/feature_importance_3h_all.csv
  After selecting by importance: 175 features
    Selected features: 175
    Removed features: 123
    Train samples: 2235738, Test samples: 131514
    ✅ Brier=0.0040, ECE=0.0033, ROC-AUC=0.9951, MAE=2.2890°C
    💾 Saved models to experiments/random_forest/top175_features/loso/station_146/horizon_6h

  Processing 12h horizon...
  Applying feature selection...
    Original features: 298
    Loaded feature importance from /home/zhengkun-li/frost-risk-forecast-challenge/experiments/lightgbm/feature_importance/feature_importance_3h_all.csv
  After selecting by importance: 175 features
    Selected features: 175
    Removed features: 123
    Train samples: 2235636, Test samples: 131508
    ✅ Brier=0.0050, ECE=0.0028, ROC-AUC=0.9892, MAE=1.9469°C
    💾 Saved models to experiments/random_forest/top175_features/loso/station_146/horizon_12h

  Processing 24h horizon...
  Applying feature selection...
    Original features: 298
    Loaded feature importance from /home/zhengkun-li/frost-risk-forecast-challenge/experiments/lightgbm/feature_importance/feature_importance_3h_all.csv
  After selecting by importance: 175 features
    Selected features: 175
    Removed features: 123
    Train samples: 2235432, Test samples: 131496
    ✅ Brier=0.0054, ECE=0.0012, ROC-AUC=0.9852, MAE=1.9858°C
    💾 Saved models to experiments/random_forest/top175_features/loso/station_146/horizon_24h
  Freed memory: released station 146 data

  ✅ Station 146 completed and saved!
     Progress: 13/18 stations

============================================================
[14/18] Processing Station 182
   Train stations: 17, Test station: 182
============================================================
  Loading data for station 182...
  Memory usage: 4.02 GB
  Train samples: 2235840, Test samples: 131520

  Processing 3h horizon...
  Applying feature selection...
    Original features: 298
    Loaded feature importance from /home/zhengkun-li/frost-risk-forecast-challenge/experiments/lightgbm/feature_importance/feature_importance_3h_all.csv
  After selecting by importance: 175 features
    Selected features: 175
    Removed features: 123
    Train samples: 2235789, Test samples: 131517
    ✅ Brier=0.0042, ECE=0.0030, ROC-AUC=0.9965, MAE=1.7420°C
    💾 Saved models to experiments/random_forest/top175_features/loso/station_182/horizon_3h

  Processing 6h horizon...
  Applying feature selection...
    Original features: 298
    Loaded feature importance from /home/zhengkun-li/frost-risk-forecast-challenge/experiments/lightgbm/feature_importance/feature_importance_3h_all.csv
  After selecting by importance: 175 features
    Selected features: 175
    Removed features: 123
    Train samples: 2235738, Test samples: 131514
    ✅ Brier=0.0059, ECE=0.0049, ROC-AUC=0.9945, MAE=2.2769°C
    💾 Saved models to experiments/random_forest/top175_features/loso/station_182/horizon_6h

  Processing 12h horizon...
  Applying feature selection...
    Original features: 298
    Loaded feature importance from /home/zhengkun-li/frost-risk-forecast-challenge/experiments/lightgbm/feature_importance/feature_importance_3h_all.csv
  After selecting by importance: 175 features
    Selected features: 175
    Removed features: 123
    Train samples: 2235636, Test samples: 131508
    ✅ Brier=0.0072, ECE=0.0045, ROC-AUC=0.9890, MAE=1.9577°C
    💾 Saved models to experiments/random_forest/top175_features/loso/station_182/horizon_12h

  Processing 24h horizon...
  Applying feature selection...
    Original features: 298
    Loaded feature importance from /home/zhengkun-li/frost-risk-forecast-challenge/experiments/lightgbm/feature_importance/feature_importance_3h_all.csv
  After selecting by importance: 175 features
    Selected features: 175
    Removed features: 123
    Train samples: 2235432, Test samples: 131496
    ✅ Brier=0.0072, ECE=0.0022, ROC-AUC=0.9867, MAE=1.9909°C
    💾 Saved models to experiments/random_forest/top175_features/loso/station_182/horizon_24h
  Freed memory: released station 182 data

  ✅ Station 182 completed and saved!
     Progress: 14/18 stations

============================================================
[15/18] Processing Station 194
   Train stations: 17, Test station: 194
============================================================
  Loading data for station 194...
  Memory usage: 4.02 GB
  Train samples: 2235840, Test samples: 131520

  Processing 3h horizon...
  Applying feature selection...
    Original features: 298
    Loaded feature importance from /home/zhengkun-li/frost-risk-forecast-challenge/experiments/lightgbm/feature_importance/feature_importance_3h_all.csv
  After selecting by importance: 175 features
    Selected features: 175
    Removed features: 123
    Train samples: 2235789, Test samples: 131517
    ✅ Brier=0.0040, ECE=0.0034, ROC-AUC=0.9969, MAE=1.6875°C
    💾 Saved models to experiments/random_forest/top175_features/loso/station_194/horizon_3h

  Processing 6h horizon...
  Applying feature selection...
    Original features: 298
    Loaded feature importance from /home/zhengkun-li/frost-risk-forecast-challenge/experiments/lightgbm/feature_importance/feature_importance_3h_all.csv
  After selecting by importance: 175 features
    Selected features: 175
    Removed features: 123
    Train samples: 2235738, Test samples: 131514
    ✅ Brier=0.0051, ECE=0.0044, ROC-AUC=0.9927, MAE=2.1639°C
    💾 Saved models to experiments/random_forest/top175_features/loso/station_194/horizon_6h

  Processing 12h horizon...
  Applying feature selection...
    Original features: 298
    Loaded feature importance from /home/zhengkun-li/frost-risk-forecast-challenge/experiments/lightgbm/feature_importance/feature_importance_3h_all.csv
  After selecting by importance: 175 features
    Selected features: 175
    Removed features: 123
    Train samples: 2235636, Test samples: 131508
    ✅ Brier=0.0056, ECE=0.0032, ROC-AUC=0.9887, MAE=1.8744°C
    💾 Saved models to experiments/random_forest/top175_features/loso/station_194/horizon_12h

  Processing 24h horizon...
  Applying feature selection...
    Original features: 298
    Loaded feature importance from /home/zhengkun-li/frost-risk-forecast-challenge/experiments/lightgbm/feature_importance/feature_importance_3h_all.csv
  After selecting by importance: 175 features
    Selected features: 175
    Removed features: 123
    Train samples: 2235432, Test samples: 131496
    ✅ Brier=0.0054, ECE=0.0016, ROC-AUC=0.9855, MAE=1.8942°C
    💾 Saved models to experiments/random_forest/top175_features/loso/station_194/horizon_24h
  Freed memory: released station 194 data

  ✅ Station 194 completed and saved!
     Progress: 15/18 stations

============================================================
[16/18] Processing Station 195
   Train stations: 17, Test station: 195
============================================================
  Loading data for station 195...
  Memory usage: 4.02 GB
  Train samples: 2235840, Test samples: 131520

  Processing 3h horizon...
  Applying feature selection...
    Original features: 298
    Loaded feature importance from /home/zhengkun-li/frost-risk-forecast-challenge/experiments/lightgbm/feature_importance/feature_importance_3h_all.csv
  After selecting by importance: 175 features
    Selected features: 175
    Removed features: 123
    Train samples: 2235789, Test samples: 131517
    ✅ Brier=0.0023, ECE=0.0020, ROC-AUC=0.9955, MAE=1.8063°C
    💾 Saved models to experiments/random_forest/top175_features/loso/station_195/horizon_3h

  Processing 6h horizon...
  Applying feature selection...
    Original features: 298
    Loaded feature importance from /home/zhengkun-li/frost-risk-forecast-challenge/experiments/lightgbm/feature_importance/feature_importance_3h_all.csv
  After selecting by importance: 175 features
    Selected features: 175
    Removed features: 123
    Train samples: 2235738, Test samples: 131514
    ✅ Brier=0.0035, ECE=0.0043, ROC-AUC=0.9894, MAE=2.3323°C
    💾 Saved models to experiments/random_forest/top175_features/loso/station_195/horizon_6h

  Processing 12h horizon...
  Applying feature selection...
    Original features: 298
    Loaded feature importance from /home/zhengkun-li/frost-risk-forecast-challenge/experiments/lightgbm/feature_importance/feature_importance_3h_all.csv
  After selecting by importance: 175 features
    Selected features: 175
    Removed features: 123
    Train samples: 2235636, Test samples: 131508
    ✅ Brier=0.0034, ECE=0.0048, ROC-AUC=0.9757, MAE=2.1970°C
    💾 Saved models to experiments/random_forest/top175_features/loso/station_195/horizon_12h

  Processing 24h horizon...
  Applying feature selection...
    Original features: 298
    Loaded feature importance from /home/zhengkun-li/frost-risk-forecast-challenge/experiments/lightgbm/feature_importance/feature_importance_3h_all.csv
  After selecting by importance: 175 features
    Selected features: 175
    Removed features: 123
    Train samples: 2235432, Test samples: 131496
    ✅ Brier=0.0032, ECE=0.0028, ROC-AUC=0.9638, MAE=2.1854°C
    💾 Saved models to experiments/random_forest/top175_features/loso/station_195/horizon_24h
  Freed memory: released station 195 data

  ✅ Station 195 completed and saved!
     Progress: 16/18 stations

============================================================
[17/18] Processing Station 205
   Train stations: 17, Test station: 205
============================================================
  Loading data for station 205...
  Memory usage: 4.02 GB
  Train samples: 2235840, Test samples: 131520

  Processing 3h horizon...
  Applying feature selection...
    Original features: 298
    Loaded feature importance from /home/zhengkun-li/frost-risk-forecast-challenge/experiments/lightgbm/feature_importance/feature_importance_3h_all.csv
  After selecting by importance: 175 features
    Selected features: 175
    Removed features: 123
    Train samples: 2235789, Test samples: 131517
    ✅ Brier=0.0026, ECE=0.0035, ROC-AUC=0.9950, MAE=1.7893°C
    💾 Saved models to experiments/random_forest/top175_features/loso/station_205/horizon_3h

  Processing 6h horizon...
  Applying feature selection...
    Original features: 298
    Loaded feature importance from /home/zhengkun-li/frost-risk-forecast-challenge/experiments/lightgbm/feature_importance/feature_importance_3h_all.csv
  After selecting by importance: 175 features
    Selected features: 175
    Removed features: 123
    Train samples: 2235738, Test samples: 131514
    ✅ Brier=0.0031, ECE=0.0056, ROC-AUC=0.9925, MAE=2.3571°C
    💾 Saved models to experiments/random_forest/top175_features/loso/station_205/horizon_6h

  Processing 12h horizon...
  Applying feature selection...
    Original features: 298
    Loaded feature importance from /home/zhengkun-li/frost-risk-forecast-challenge/experiments/lightgbm/feature_importance/feature_importance_3h_all.csv
  After selecting by importance: 175 features
    Selected features: 175
    Removed features: 123
    Train samples: 2235636, Test samples: 131508
    ✅ Brier=0.0031, ECE=0.0058, ROC-AUC=0.9890, MAE=2.1496°C
    💾 Saved models to experiments/random_forest/top175_features/loso/station_205/horizon_12h

  Processing 24h horizon...
  Applying feature selection...
    Original features: 298
    Loaded feature importance from /home/zhengkun-li/frost-risk-forecast-challenge/experiments/lightgbm/feature_importance/feature_importance_3h_all.csv
  After selecting by importance: 175 features
    Selected features: 175
    Removed features: 123
    Train samples: 2235432, Test samples: 131496
    ✅ Brier=0.0038, ECE=0.0061, ROC-AUC=0.9833, MAE=2.1373°C
    💾 Saved models to experiments/random_forest/top175_features/loso/station_205/horizon_24h
  Freed memory: released station 205 data

  ✅ Station 205 completed and saved!
     Progress: 17/18 stations

============================================================
[18/18] Processing Station 206
   Train stations: 17, Test station: 206
============================================================
  Loading data for station 206...
  Memory usage: 4.02 GB
  Train samples: 2235840, Test samples: 131520

  Processing 3h horizon...
  Applying feature selection...
    Original features: 298
    Loaded feature importance from /home/zhengkun-li/frost-risk-forecast-challenge/experiments/lightgbm/feature_importance/feature_importance_3h_all.csv
  After selecting by importance: 175 features
    Selected features: 175
    Removed features: 123
    Train samples: 2235789, Test samples: 131517
    ✅ Brier=0.0041, ECE=0.0026, ROC-AUC=0.9964, MAE=1.6081°C
    💾 Saved models to experiments/random_forest/top175_features/loso/station_206/horizon_3h

  Processing 6h horizon...
  Applying feature selection...
    Original features: 298
    Loaded feature importance from /home/zhengkun-li/frost-risk-forecast-challenge/experiments/lightgbm/feature_importance/feature_importance_3h_all.csv
  After selecting by importance: 175 features
    Selected features: 175
    Removed features: 123
    Train samples: 2235738, Test samples: 131514
    ✅ Brier=0.0053, ECE=0.0038, ROC-AUC=0.9929, MAE=2.1270°C
    💾 Saved models to experiments/random_forest/top175_features/loso/station_206/horizon_6h

  Processing 12h horizon...
  Applying feature selection...
    Original features: 298
    Loaded feature importance from /home/zhengkun-li/frost-risk-forecast-challenge/experiments/lightgbm/feature_importance/feature_importance_3h_all.csv
  After selecting by importance: 175 features
    Selected features: 175
    Removed features: 123
    Train samples: 2235636, Test samples: 131508
    ✅ Brier=0.0063, ECE=0.0036, ROC-AUC=0.9865, MAE=1.8837°C
    💾 Saved models to experiments/random_forest/top175_features/loso/station_206/horizon_12h

  Processing 24h horizon...
  Applying feature selection...
    Original features: 298
    Loaded feature importance from /home/zhengkun-li/frost-risk-forecast-challenge/experiments/lightgbm/feature_importance/feature_importance_3h_all.csv
  After selecting by importance: 175 features
    Selected features: 175
    Removed features: 123
    Train samples: 2235432, Test samples: 131496
    ✅ Brier=0.0062, ECE=0.0021, ROC-AUC=0.9863, MAE=1.8909°C
    💾 Saved models to experiments/random_forest/top175_features/loso/station_206/horizon_24h
  Freed memory: released station 206 data

  ✅ Station 206 completed and saved!
     Progress: 18/18 stations

============================================================
Calculating summary statistics...
============================================================

============================================================
LOSO Summary Statistics
============================================================

3h Horizon:
  Stations evaluated: 18
  Brier Score: 0.0034 ± 0.0012
  ECE: 0.0026 ± 0.0005
  ROC-AUC: 0.9970 ± 0.0011
  PR-AUC: 0.7929 ± 0.0778
  Temp MAE: 1.7200 ± 0.0800°C
  Temp RMSE: 2.2547 ± 0.1075°C
  Temp R²: 0.9337 ± 0.0090

6h Horizon:
  Stations evaluated: 18
  Brier Score: 0.0046 ± 0.0016
  ECE: 0.0042 ± 0.0009
  ROC-AUC: 0.9942 ± 0.0020
  PR-AUC: 0.6803 ± 0.1258
  Temp MAE: 2.2758 ± 0.0885°C
  Temp RMSE: 2.9106 ± 0.1155°C
  Temp R²: 0.8896 ± 0.0134

12h Horizon:
  Stations evaluated: 18
  Brier Score: 0.0055 ± 0.0020
  ECE: 0.0037 ± 0.0009
  ROC-AUC: 0.9884 ± 0.0036
  PR-AUC: 0.5525 ± 0.1017
  Temp MAE: 2.0081 ± 0.1000°C
  Temp RMSE: 2.6391 ± 0.1304°C
  Temp R²: 0.9089 ± 0.0145

24h Horizon:
  Stations evaluated: 18
  Brier Score: 0.0056 ± 0.0019
  ECE: 0.0022 ± 0.0011
  ROC-AUC: 0.9856 ± 0.0061
  PR-AUC: 0.5129 ± 0.0968
  Temp MAE: 2.0180 ± 0.0895°C
  Temp RMSE: 2.6536 ± 0.1172°C
  Temp R²: 0.9080 ± 0.0133

✅ LOSO evaluation completed!
Results saved to: experiments/random_forest/top175_features/loso
