/home/zhengkun-li/.local/lib/python3.12/site-packages/sklearn/utils/validation.py:2749: UserWarning: X does not have valid feature names, but LGBMClassifier was fitted with feature names
  warnings.warn(
/home/zhengkun-li/.local/lib/python3.12/site-packages/sklearn/utils/validation.py:2749: UserWarning: X does not have valid feature names, but LGBMRegressor was fitted with feature names
  warnings.warn(
/home/zhengkun-li/.local/lib/python3.12/site-packages/sklearn/utils/validation.py:2749: UserWarning: X does not have valid feature names, but LGBMClassifier was fitted with feature names
  warnings.warn(
/home/zhengkun-li/.local/lib/python3.12/site-packages/sklearn/utils/validation.py:2749: UserWarning: X does not have valid feature names, but LGBMRegressor was fitted with feature names
  warnings.warn(
/home/zhengkun-li/.local/lib/python3.12/site-packages/sklearn/utils/validation.py:2749: UserWarning: X does not have valid feature names, but LGBMClassifier was fitted with feature names
  warnings.warn(
/home/zhengkun-li/.local/lib/python3.12/site-packages/sklearn/utils/validation.py:2749: UserWarning: X does not have valid feature names, but LGBMRegressor was fitted with feature names
  warnings.warn(
/home/zhengkun-li/.local/lib/python3.12/site-packages/sklearn/utils/validation.py:2749: UserWarning: X does not have valid feature names, but LGBMClassifier was fitted with feature names
  warnings.warn(
/home/zhengkun-li/.local/lib/python3.12/site-packages/sklearn/utils/validation.py:2749: UserWarning: X does not have valid feature names, but LGBMRegressor was fitted with feature names
  warnings.warn(
/home/zhengkun-li/.local/lib/python3.12/site-packages/sklearn/utils/validation.py:2749: UserWarning: X does not have valid feature names, but LGBMClassifier was fitted with feature names
  warnings.warn(
/home/zhengkun-li/.local/lib/python3.12/site-packages/sklearn/utils/validation.py:2749: UserWarning: X does not have valid feature names, but LGBMRegressor was fitted with feature names
  warnings.warn(
/home/zhengkun-li/.local/lib/python3.12/site-packages/sklearn/utils/validation.py:2749: UserWarning: X does not have valid feature names, but LGBMClassifier was fitted with feature names
  warnings.warn(
/home/zhengkun-li/.local/lib/python3.12/site-packages/sklearn/utils/validation.py:2749: UserWarning: X does not have valid feature names, but LGBMRegressor was fitted with feature names
  warnings.warn(
Output directory: experiments/full_data_training_top175

============================================================
Step 1: Loading Data
============================================================
Loading 18 station files from /home/zhengkun-li/frost-risk-forecast-challenge/data/raw/frost-risk-forecast-challenge/stations...
  Loaded 5/18 files...  Loaded 10/18 files...  Loaded 15/18 files...  Loaded 18/18 files...
Combining 18 station DataFrames...
Combined data: 2367360 rows, 26 columns
Stations: 18
Loaded 2367360 rows, 26 columns
Optimizing data types to reduce memory...
Memory usage after optimization: 1.50 GB

============================================================
Step 2: Cleaning Data
============================================================
After cleaning: 2367360 rows

============================================================
Step 3: Feature Engineering
============================================================
After feature engineering: 2367360 rows, 313 columns
Memory usage: 3.95 GB
Optimizing feature data types...
Memory usage after optimization: 3.95 GB

============================================================
Step 4: Creating Frost Labels
============================================================
  3h horizon: 20579.0/2367360 frost events (0.87%)
  6h horizon: 20579.0/2367360 frost events (0.87%)
  12h horizon: 20579.0/2367360 frost events (0.87%)
  24h horizon: 20579.0/2367360 frost events (0.87%)

Saved labeled data to experiments/full_data_training_top175/labeled_data.parquet

Using top 175 features based on importance
  Importance file: /home/zhengkun-li/frost-risk-forecast-challenge/experiments/test_new_features_100k/feature_importance_3h_all.csv

============================================================
Training models for 3h horizon
============================================================
✅ Models for 3h already exist, loading results...
  Frost - Brier: 0.0028, ECE: 0.0015, ROC-AUC: 0.9965
  Temp  - MAE: 1.1438, RMSE: 1.5235, R²: 0.9703

============================================================
Training models for 6h horizon
============================================================
✅ Models for 6h already exist, loading results...
  Frost - Brier: 0.0040, ECE: 0.0025, ROC-AUC: 0.9926
  Temp  - MAE: 1.5454, RMSE: 2.0158, R²: 0.9481

============================================================
Training models for 12h horizon
============================================================
✅ Models for 12h already exist, loading results...
  Frost - Brier: 0.0043, ECE: 0.0025, ROC-AUC: 0.9892
  Temp  - MAE: 1.7925, RMSE: 2.3335, R²: 0.9304

============================================================
Training models for 24h horizon
============================================================
✅ Models for 24h already exist, loading results...
  Frost - Brier: 0.0060, ECE: 0.0048, ROC-AUC: 0.9843
  Temp  - MAE: 1.9287, RMSE: 2.5081, R²: 0.9196

============================================================
Summary Report
============================================================

3h Horizon:
  Frost - Brier: 0.0028, ECE: 0.0015, ROC-AUC: 0.9965
  Temp  - MAE: 1.1438, RMSE: 1.5235, R²: 0.9703

6h Horizon:
  Frost - Brier: 0.0040, ECE: 0.0025, ROC-AUC: 0.9926
  Temp  - MAE: 1.5454, RMSE: 2.0158, R²: 0.9481

12h Horizon:
  Frost - Brier: 0.0043, ECE: 0.0025, ROC-AUC: 0.9892
  Temp  - MAE: 1.7925, RMSE: 2.3335, R²: 0.9304

24h Horizon:
  Frost - Brier: 0.0060, ECE: 0.0048, ROC-AUC: 0.9843
  Temp  - MAE: 1.9287, RMSE: 2.5081, R²: 0.9196

✅ Training completed!
Results saved to: experiments/full_data_training_top175

============================================================
LOSO (Leave-One-Station-Out) Evaluation
============================================================
Freed memory: released full dataset from RAM
Loading data from disk: experiments/full_data_training_top175/labeled_data.parquet
Loaded 2367360 rows, 321 columns
Memory usage: 4.06 GB
Memory usage after optimization: 4.02 GB
Found 18 stations: [2, 7, 15, 39, 47, 70, 71, 80, 105, 124, 125, 131, 146, 182, 194, 195, 205, 206]
Freed full dataset from memory - will reload per station on-demand

============================================================
LOSO Evaluation: Processing 18 stations
   Memory optimization: Load data on-demand, free after each station
   Horizons: [3, 6, 12, 24]
============================================================

============================================================
[1/18] Processing Station 2
   Train stations: 17, Test station: 2
============================================================
  Loading data for station 2...
  Memory usage: 4.02 GB
  Train samples: 2235840, Test samples: 131520

  Processing 3h horizon...
  Applying feature selection...
    Original features: 298
    Loaded feature importance from /home/zhengkun-li/frost-risk-forecast-challenge/experiments/test_new_features_100k/feature_importance_3h_all.csv
  After selecting by importance: 175 features
    Selected features: 175
    Removed features: 123
    Train samples: 2235789, Test samples: 131517
    ✅ Brier=0.0040, ECE=0.0017, ROC-AUC=0.9979, MAE=1.4397°C

  Processing 6h horizon...
  Applying feature selection...
    Original features: 298
    Loaded feature importance from /home/zhengkun-li/frost-risk-forecast-challenge/experiments/test_new_features_100k/feature_importance_3h_all.csv
  After selecting by importance: 175 features
    Selected features: 175
    Removed features: 123
    Train samples: 2235738, Test samples: 131514
    ✅ Brier=0.0051, ECE=0.0022, ROC-AUC=0.9964, MAE=1.8887°C

  Processing 12h horizon...
  Applying feature selection...
    Original features: 298
    Loaded feature importance from /home/zhengkun-li/frost-risk-forecast-challenge/experiments/test_new_features_100k/feature_importance_3h_all.csv
  After selecting by importance: 175 features
    Selected features: 175
    Removed features: 123
    Train samples: 2235636, Test samples: 131508
    ✅ Brier=0.0062, ECE=0.0027, ROC-AUC=0.9939, MAE=1.9864°C

  Processing 24h horizon...
  Applying feature selection...
    Original features: 298
    Loaded feature importance from /home/zhengkun-li/frost-risk-forecast-challenge/experiments/test_new_features_100k/feature_importance_3h_all.csv
  After selecting by importance: 175 features
    Selected features: 175
    Removed features: 123
    Train samples: 2235432, Test samples: 131496
    ✅ Brier=0.0070, ECE=0.0024, ROC-AUC=0.9917, MAE=2.0084°C
  Freed memory: released station 2 data

  ✅ Station 2 completed and saved!
     Progress: 1/18 stations

============================================================
[2/18] Processing Station 7
   Train stations: 17, Test station: 7
============================================================
  Loading data for station 7...
  Memory usage: 4.02 GB
  Train samples: 2235840, Test samples: 131520

  Processing 3h horizon...
  Applying feature selection...
    Original features: 298
    Loaded feature importance from /home/zhengkun-li/frost-risk-forecast-challenge/experiments/test_new_features_100k/feature_importance_3h_all.csv
  After selecting by importance: 175 features
    Selected features: 175
    Removed features: 123
    Train samples: 2235789, Test samples: 131517
    ✅ Brier=0.0030, ECE=0.0009, ROC-AUC=0.9980, MAE=1.3099°C

  Processing 6h horizon...
  Applying feature selection...
    Original features: 298
    Loaded feature importance from /home/zhengkun-li/frost-risk-forecast-challenge/experiments/test_new_features_100k/feature_importance_3h_all.csv
  After selecting by importance: 175 features
    Selected features: 175
    Removed features: 123
    Train samples: 2235738, Test samples: 131514
    ✅ Brier=0.0044, ECE=0.0023, ROC-AUC=0.9951, MAE=1.8191°C

  Processing 12h horizon...
  Applying feature selection...
    Original features: 298
    Loaded feature importance from /home/zhengkun-li/frost-risk-forecast-challenge/experiments/test_new_features_100k/feature_importance_3h_all.csv
  After selecting by importance: 175 features
    Selected features: 175
    Removed features: 123
/home/zhengkun-li/.local/lib/python3.12/site-packages/sklearn/utils/validation.py:2749: UserWarning: X does not have valid feature names, but LGBMClassifier was fitted with feature names
  warnings.warn(
/home/zhengkun-li/.local/lib/python3.12/site-packages/sklearn/utils/validation.py:2749: UserWarning: X does not have valid feature names, but LGBMRegressor was fitted with feature names
  warnings.warn(
/home/zhengkun-li/.local/lib/python3.12/site-packages/sklearn/utils/validation.py:2749: UserWarning: X does not have valid feature names, but LGBMClassifier was fitted with feature names
  warnings.warn(
/home/zhengkun-li/.local/lib/python3.12/site-packages/sklearn/utils/validation.py:2749: UserWarning: X does not have valid feature names, but LGBMRegressor was fitted with feature names
  warnings.warn(
/home/zhengkun-li/.local/lib/python3.12/site-packages/sklearn/utils/validation.py:2749: UserWarning: X does not have valid feature names, but LGBMClassifier was fitted with feature names
  warnings.warn(
/home/zhengkun-li/.local/lib/python3.12/site-packages/sklearn/utils/validation.py:2749: UserWarning: X does not have valid feature names, but LGBMRegressor was fitted with feature names
  warnings.warn(
/home/zhengkun-li/.local/lib/python3.12/site-packages/sklearn/utils/validation.py:2749: UserWarning: X does not have valid feature names, but LGBMClassifier was fitted with feature names
  warnings.warn(
/home/zhengkun-li/.local/lib/python3.12/site-packages/sklearn/utils/validation.py:2749: UserWarning: X does not have valid feature names, but LGBMRegressor was fitted with feature names
  warnings.warn(
/home/zhengkun-li/.local/lib/python3.12/site-packages/sklearn/utils/validation.py:2749: UserWarning: X does not have valid feature names, but LGBMClassifier was fitted with feature names
  warnings.warn(
/home/zhengkun-li/.local/lib/python3.12/site-packages/sklearn/utils/validation.py:2749: UserWarning: X does not have valid feature names, but LGBMRegressor was fitted with feature names
  warnings.warn(
/home/zhengkun-li/.local/lib/python3.12/site-packages/sklearn/utils/validation.py:2749: UserWarning: X does not have valid feature names, but LGBMClassifier was fitted with feature names
  warnings.warn(
/home/zhengkun-li/.local/lib/python3.12/site-packages/sklearn/utils/validation.py:2749: UserWarning: X does not have valid feature names, but LGBMRegressor was fitted with feature names
  warnings.warn(
/home/zhengkun-li/.local/lib/python3.12/site-packages/sklearn/utils/validation.py:2749: UserWarning: X does not have valid feature names, but LGBMClassifier was fitted with feature names
  warnings.warn(
/home/zhengkun-li/.local/lib/python3.12/site-packages/sklearn/utils/validation.py:2749: UserWarning: X does not have valid feature names, but LGBMRegressor was fitted with feature names
  warnings.warn(
/home/zhengkun-li/.local/lib/python3.12/site-packages/sklearn/utils/validation.py:2749: UserWarning: X does not have valid feature names, but LGBMClassifier was fitted with feature names
  warnings.warn(
/home/zhengkun-li/.local/lib/python3.12/site-packages/sklearn/utils/validation.py:2749: UserWarning: X does not have valid feature names, but LGBMRegressor was fitted with feature names
  warnings.warn(
/home/zhengkun-li/.local/lib/python3.12/site-packages/sklearn/utils/validation.py:2749: UserWarning: X does not have valid feature names, but LGBMClassifier was fitted with feature names
  warnings.warn(
/home/zhengkun-li/.local/lib/python3.12/site-packages/sklearn/utils/validation.py:2749: UserWarning: X does not have valid feature names, but LGBMRegressor was fitted with feature names
  warnings.warn(
/home/zhengkun-li/.local/lib/python3.12/site-packages/sklearn/utils/validation.py:2749: UserWarning: X does not have valid feature names, but LGBMClassifier was fitted with feature names
  warnings.warn(
/home/zhengkun-li/.local/lib/python3.12/site-packages/sklearn/utils/validation.py:2749: UserWarning: X does not have valid feature names, but LGBMRegressor was fitted with feature names
  warnings.warn(
/home/zhengkun-li/.local/lib/python3.12/site-packages/sklearn/utils/validation.py:2749: UserWarning: X does not have valid feature names, but LGBMClassifier was fitted with feature names
  warnings.warn(
/home/zhengkun-li/.local/lib/python3.12/site-packages/sklearn/utils/validation.py:2749: UserWarning: X does not have valid feature names, but LGBMRegressor was fitted with feature names
  warnings.warn(
/home/zhengkun-li/.local/lib/python3.12/site-packages/sklearn/utils/validation.py:2749: UserWarning: X does not have valid feature names, but LGBMClassifier was fitted with feature names
  warnings.warn(
/home/zhengkun-li/.local/lib/python3.12/site-packages/sklearn/utils/validation.py:2749: UserWarning: X does not have valid feature names, but LGBMRegressor was fitted with feature names
  warnings.warn(
/home/zhengkun-li/.local/lib/python3.12/site-packages/sklearn/utils/validation.py:2749: UserWarning: X does not have valid feature names, but LGBMClassifier was fitted with feature names
  warnings.warn(
/home/zhengkun-li/.local/lib/python3.12/site-packages/sklearn/utils/validation.py:2749: UserWarning: X does not have valid feature names, but LGBMRegressor was fitted with feature names
  warnings.warn(
/home/zhengkun-li/.local/lib/python3.12/site-packages/sklearn/utils/validation.py:2749: UserWarning: X does not have valid feature names, but LGBMClassifier was fitted with feature names
  warnings.warn(
/home/zhengkun-li/.local/lib/python3.12/site-packages/sklearn/utils/validation.py:2749: UserWarning: X does not have valid feature names, but LGBMRegressor was fitted with feature names
  warnings.warn(
/home/zhengkun-li/.local/lib/python3.12/site-packages/sklearn/utils/validation.py:2749: UserWarning: X does not have valid feature names, but LGBMClassifier was fitted with feature names
  warnings.warn(
/home/zhengkun-li/.local/lib/python3.12/site-packages/sklearn/utils/validation.py:2749: UserWarning: X does not have valid feature names, but LGBMRegressor was fitted with feature names
  warnings.warn(
    Train samples: 2235636, Test samples: 131508
    ✅ Brier=0.0047, ECE=0.0021, ROC-AUC=0.9938, MAE=1.9161°C

  Processing 24h horizon...
  Applying feature selection...
    Original features: 298
    Loaded feature importance from /home/zhengkun-li/frost-risk-forecast-challenge/experiments/test_new_features_100k/feature_importance_3h_all.csv
  After selecting by importance: 175 features
    Selected features: 175
    Removed features: 123
    Train samples: 2235432, Test samples: 131496
    ✅ Brier=0.0050, ECE=0.0013, ROC-AUC=0.9910, MAE=1.9720°C
  Freed memory: released station 7 data

  ✅ Station 7 completed and saved!
     Progress: 2/18 stations

============================================================
[3/18] Processing Station 15
   Train stations: 17, Test station: 15
============================================================
  Loading data for station 15...
  Memory usage: 4.02 GB
  Train samples: 2235840, Test samples: 131520

  Processing 3h horizon...
  Applying feature selection...
    Original features: 298
    Loaded feature importance from /home/zhengkun-li/frost-risk-forecast-challenge/experiments/test_new_features_100k/feature_importance_3h_all.csv
  After selecting by importance: 175 features
    Selected features: 175
    Removed features: 123
    Train samples: 2235789, Test samples: 131517
    ✅ Brier=0.0036, ECE=0.0018, ROC-AUC=0.9981, MAE=1.4660°C

  Processing 6h horizon...
  Applying feature selection...
    Original features: 298
    Loaded feature importance from /home/zhengkun-li/frost-risk-forecast-challenge/experiments/test_new_features_100k/feature_importance_3h_all.csv
  After selecting by importance: 175 features
    Selected features: 175
    Removed features: 123
    Train samples: 2235738, Test samples: 131514
    ✅ Brier=0.0049, ECE=0.0021, ROC-AUC=0.9966, MAE=1.9221°C

  Processing 12h horizon...
  Applying feature selection...
    Original features: 298
    Loaded feature importance from /home/zhengkun-li/frost-risk-forecast-challenge/experiments/test_new_features_100k/feature_importance_3h_all.csv
  After selecting by importance: 175 features
    Selected features: 175
    Removed features: 123
    Train samples: 2235636, Test samples: 131508
    ✅ Brier=0.0061, ECE=0.0027, ROC-AUC=0.9938, MAE=2.0138°C

  Processing 24h horizon...
  Applying feature selection...
    Original features: 298
    Loaded feature importance from /home/zhengkun-li/frost-risk-forecast-challenge/experiments/test_new_features_100k/feature_importance_3h_all.csv
  After selecting by importance: 175 features
    Selected features: 175
    Removed features: 123
    Train samples: 2235432, Test samples: 131496
    ✅ Brier=0.0068, ECE=0.0023, ROC-AUC=0.9911, MAE=2.0437°C
  Freed memory: released station 15 data

  ✅ Station 15 completed and saved!
     Progress: 3/18 stations

============================================================
[4/18] Processing Station 39
   Train stations: 17, Test station: 39
============================================================
  Loading data for station 39...
  Memory usage: 4.02 GB
  Train samples: 2235840, Test samples: 131520

  Processing 3h horizon...
  Applying feature selection...
    Original features: 298
    Loaded feature importance from /home/zhengkun-li/frost-risk-forecast-challenge/experiments/test_new_features_100k/feature_importance_3h_all.csv
  After selecting by importance: 175 features
    Selected features: 175
    Removed features: 123
    Train samples: 2235789, Test samples: 131517
    ✅ Brier=0.0026, ECE=0.0013, ROC-AUC=0.9983, MAE=1.3831°C

  Processing 6h horizon...
  Applying feature selection...
    Original features: 298
    Loaded feature importance from /home/zhengkun-li/frost-risk-forecast-challenge/experiments/test_new_features_100k/feature_importance_3h_all.csv
  After selecting by importance: 175 features
    Selected features: 175
    Removed features: 123
    Train samples: 2235738, Test samples: 131514
    ✅ Brier=0.0033, ECE=0.0016, ROC-AUC=0.9970, MAE=1.8104°C

  Processing 12h horizon...
  Applying feature selection...
    Original features: 298
    Loaded feature importance from /home/zhengkun-li/frost-risk-forecast-challenge/experiments/test_new_features_100k/feature_importance_3h_all.csv
  After selecting by importance: 175 features
    Selected features: 175
    Removed features: 123
    Train samples: 2235636, Test samples: 131508
    ✅ Brier=0.0044, ECE=0.0025, ROC-AUC=0.9938, MAE=1.9047°C

  Processing 24h horizon...
  Applying feature selection...
    Original features: 298
    Loaded feature importance from /home/zhengkun-li/frost-risk-forecast-challenge/experiments/test_new_features_100k/feature_importance_3h_all.csv
  After selecting by importance: 175 features
    Selected features: 175
    Removed features: 123
    Train samples: 2235432, Test samples: 131496
    ✅ Brier=0.0045, ECE=0.0022, ROC-AUC=0.9931, MAE=1.9963°C
  Freed memory: released station 39 data

  ✅ Station 39 completed and saved!
     Progress: 4/18 stations

============================================================
[5/18] Processing Station 47
   Train stations: 17, Test station: 47
============================================================
  Loading data for station 47...
  Memory usage: 4.02 GB
  Train samples: 2235840, Test samples: 131520

  Processing 3h horizon...
  Applying feature selection...
    Original features: 298
    Loaded feature importance from /home/zhengkun-li/frost-risk-forecast-challenge/experiments/test_new_features_100k/feature_importance_3h_all.csv
  After selecting by importance: 175 features
    Selected features: 175
    Removed features: 123
    Train samples: 2235789, Test samples: 131517
    ✅ Brier=0.0014, ECE=0.0014, ROC-AUC=0.9963, MAE=1.4264°C

  Processing 6h horizon...
  Applying feature selection...
    Original features: 298
    Loaded feature importance from /home/zhengkun-li/frost-risk-forecast-challenge/experiments/test_new_features_100k/feature_importance_3h_all.csv
  After selecting by importance: 175 features
    Selected features: 175
    Removed features: 123
    Train samples: 2235738, Test samples: 131514
    ✅ Brier=0.0020, ECE=0.0019, ROC-AUC=0.9964, MAE=1.8955°C

  Processing 12h horizon...
  Applying feature selection...
    Original features: 298
    Loaded feature importance from /home/zhengkun-li/frost-risk-forecast-challenge/experiments/test_new_features_100k/feature_importance_3h_all.csv
  After selecting by importance: 175 features
    Selected features: 175
    Removed features: 123
    Train samples: 2235636, Test samples: 131508
    ✅ Brier=0.0029, ECE=0.0035, ROC-AUC=0.9888, MAE=2.0169°C

  Processing 24h horizon...
  Applying feature selection...
    Original features: 298
    Loaded feature importance from /home/zhengkun-li/frost-risk-forecast-challenge/experiments/test_new_features_100k/feature_importance_3h_all.csv
  After selecting by importance: 175 features
    Selected features: 175
    Removed features: 123
    Train samples: 2235432, Test samples: 131496
    ✅ Brier=0.0029, ECE=0.0042, ROC-AUC=0.9788, MAE=2.0305°C
  Freed memory: released station 47 data

  ✅ Station 47 completed and saved!
     Progress: 5/18 stations

============================================================
[6/18] Processing Station 70
   Train stations: 17, Test station: 70
============================================================
  Loading data for station 70...
  Memory usage: 4.02 GB
  Train samples: 2235840, Test samples: 131520

  Processing 3h horizon...
  Applying feature selection...
    Original features: 298
    Loaded feature importance from /home/zhengkun-li/frost-risk-forecast-challenge/experiments/test_new_features_100k/feature_importance_3h_all.csv
  After selecting by importance: 175 features
    Selected features: 175
    Removed features: 123
    Train samples: 2235789, Test samples: 131517
    ✅ Brier=0.0039, ECE=0.0013, ROC-AUC=0.9954, MAE=1.3577°C

  Processing 6h horizon...
  Applying feature selection...
    Original features: 298
/home/zhengkun-li/.local/lib/python3.12/site-packages/sklearn/utils/validation.py:2749: UserWarning: X does not have valid feature names, but LGBMClassifier was fitted with feature names
  warnings.warn(
/home/zhengkun-li/.local/lib/python3.12/site-packages/sklearn/utils/validation.py:2749: UserWarning: X does not have valid feature names, but LGBMRegressor was fitted with feature names
  warnings.warn(
/home/zhengkun-li/.local/lib/python3.12/site-packages/sklearn/utils/validation.py:2749: UserWarning: X does not have valid feature names, but LGBMClassifier was fitted with feature names
  warnings.warn(
/home/zhengkun-li/.local/lib/python3.12/site-packages/sklearn/utils/validation.py:2749: UserWarning: X does not have valid feature names, but LGBMRegressor was fitted with feature names
  warnings.warn(
/home/zhengkun-li/.local/lib/python3.12/site-packages/sklearn/utils/validation.py:2749: UserWarning: X does not have valid feature names, but LGBMClassifier was fitted with feature names
  warnings.warn(
/home/zhengkun-li/.local/lib/python3.12/site-packages/sklearn/utils/validation.py:2749: UserWarning: X does not have valid feature names, but LGBMRegressor was fitted with feature names
  warnings.warn(
/home/zhengkun-li/.local/lib/python3.12/site-packages/sklearn/utils/validation.py:2749: UserWarning: X does not have valid feature names, but LGBMClassifier was fitted with feature names
  warnings.warn(
/home/zhengkun-li/.local/lib/python3.12/site-packages/sklearn/utils/validation.py:2749: UserWarning: X does not have valid feature names, but LGBMRegressor was fitted with feature names
  warnings.warn(
/home/zhengkun-li/.local/lib/python3.12/site-packages/sklearn/utils/validation.py:2749: UserWarning: X does not have valid feature names, but LGBMClassifier was fitted with feature names
  warnings.warn(
/home/zhengkun-li/.local/lib/python3.12/site-packages/sklearn/utils/validation.py:2749: UserWarning: X does not have valid feature names, but LGBMRegressor was fitted with feature names
  warnings.warn(
/home/zhengkun-li/.local/lib/python3.12/site-packages/sklearn/utils/validation.py:2749: UserWarning: X does not have valid feature names, but LGBMClassifier was fitted with feature names
  warnings.warn(
/home/zhengkun-li/.local/lib/python3.12/site-packages/sklearn/utils/validation.py:2749: UserWarning: X does not have valid feature names, but LGBMRegressor was fitted with feature names
  warnings.warn(
/home/zhengkun-li/.local/lib/python3.12/site-packages/sklearn/utils/validation.py:2749: UserWarning: X does not have valid feature names, but LGBMClassifier was fitted with feature names
  warnings.warn(
/home/zhengkun-li/.local/lib/python3.12/site-packages/sklearn/utils/validation.py:2749: UserWarning: X does not have valid feature names, but LGBMRegressor was fitted with feature names
  warnings.warn(
/home/zhengkun-li/.local/lib/python3.12/site-packages/sklearn/utils/validation.py:2749: UserWarning: X does not have valid feature names, but LGBMClassifier was fitted with feature names
  warnings.warn(
/home/zhengkun-li/.local/lib/python3.12/site-packages/sklearn/utils/validation.py:2749: UserWarning: X does not have valid feature names, but LGBMRegressor was fitted with feature names
  warnings.warn(
/home/zhengkun-li/.local/lib/python3.12/site-packages/sklearn/utils/validation.py:2749: UserWarning: X does not have valid feature names, but LGBMClassifier was fitted with feature names
  warnings.warn(
/home/zhengkun-li/.local/lib/python3.12/site-packages/sklearn/utils/validation.py:2749: UserWarning: X does not have valid feature names, but LGBMRegressor was fitted with feature names
  warnings.warn(
/home/zhengkun-li/.local/lib/python3.12/site-packages/sklearn/utils/validation.py:2749: UserWarning: X does not have valid feature names, but LGBMClassifier was fitted with feature names
  warnings.warn(
/home/zhengkun-li/.local/lib/python3.12/site-packages/sklearn/utils/validation.py:2749: UserWarning: X does not have valid feature names, but LGBMRegressor was fitted with feature names
  warnings.warn(
/home/zhengkun-li/.local/lib/python3.12/site-packages/sklearn/utils/validation.py:2749: UserWarning: X does not have valid feature names, but LGBMClassifier was fitted with feature names
  warnings.warn(
/home/zhengkun-li/.local/lib/python3.12/site-packages/sklearn/utils/validation.py:2749: UserWarning: X does not have valid feature names, but LGBMRegressor was fitted with feature names
  warnings.warn(
/home/zhengkun-li/.local/lib/python3.12/site-packages/sklearn/utils/validation.py:2749: UserWarning: X does not have valid feature names, but LGBMClassifier was fitted with feature names
  warnings.warn(
/home/zhengkun-li/.local/lib/python3.12/site-packages/sklearn/utils/validation.py:2749: UserWarning: X does not have valid feature names, but LGBMRegressor was fitted with feature names
  warnings.warn(
/home/zhengkun-li/.local/lib/python3.12/site-packages/sklearn/utils/validation.py:2749: UserWarning: X does not have valid feature names, but LGBMClassifier was fitted with feature names
  warnings.warn(
/home/zhengkun-li/.local/lib/python3.12/site-packages/sklearn/utils/validation.py:2749: UserWarning: X does not have valid feature names, but LGBMRegressor was fitted with feature names
  warnings.warn(
/home/zhengkun-li/.local/lib/python3.12/site-packages/sklearn/utils/validation.py:2749: UserWarning: X does not have valid feature names, but LGBMClassifier was fitted with feature names
  warnings.warn(
/home/zhengkun-li/.local/lib/python3.12/site-packages/sklearn/utils/validation.py:2749: UserWarning: X does not have valid feature names, but LGBMRegressor was fitted with feature names
  warnings.warn(
/home/zhengkun-li/.local/lib/python3.12/site-packages/sklearn/utils/validation.py:2749: UserWarning: X does not have valid feature names, but LGBMClassifier was fitted with feature names
  warnings.warn(
/home/zhengkun-li/.local/lib/python3.12/site-packages/sklearn/utils/validation.py:2749: UserWarning: X does not have valid feature names, but LGBMRegressor was fitted with feature names
  warnings.warn(
    Loaded feature importance from /home/zhengkun-li/frost-risk-forecast-challenge/experiments/test_new_features_100k/feature_importance_3h_all.csv
  After selecting by importance: 175 features
    Selected features: 175
    Removed features: 123
    Train samples: 2235738, Test samples: 131514
    ✅ Brier=0.0054, ECE=0.0026, ROC-AUC=0.9925, MAE=1.8216°C

  Processing 12h horizon...
  Applying feature selection...
    Original features: 298
    Loaded feature importance from /home/zhengkun-li/frost-risk-forecast-challenge/experiments/test_new_features_100k/feature_importance_3h_all.csv
  After selecting by importance: 175 features
    Selected features: 175
    Removed features: 123
    Train samples: 2235636, Test samples: 131508
    ✅ Brier=0.0067, ECE=0.0035, ROC-AUC=0.9910, MAE=1.9354°C

  Processing 24h horizon...
  Applying feature selection...
    Original features: 298
    Loaded feature importance from /home/zhengkun-li/frost-risk-forecast-challenge/experiments/test_new_features_100k/feature_importance_3h_all.csv
  After selecting by importance: 175 features
    Selected features: 175
    Removed features: 123
    Train samples: 2235432, Test samples: 131496
    ✅ Brier=0.0072, ECE=0.0037, ROC-AUC=0.9912, MAE=1.9817°C
  Freed memory: released station 70 data

  ✅ Station 70 completed and saved!
     Progress: 6/18 stations

============================================================
[7/18] Processing Station 71
   Train stations: 17, Test station: 71
============================================================
  Loading data for station 71...
  Memory usage: 4.02 GB
  Train samples: 2235840, Test samples: 131520

  Processing 3h horizon...
  Applying feature selection...
    Original features: 298
    Loaded feature importance from /home/zhengkun-li/frost-risk-forecast-challenge/experiments/test_new_features_100k/feature_importance_3h_all.csv
  After selecting by importance: 175 features
    Selected features: 175
    Removed features: 123
    Train samples: 2235789, Test samples: 131517
    ✅ Brier=0.0046, ECE=0.0012, ROC-AUC=0.9973, MAE=1.4617°C

  Processing 6h horizon...
  Applying feature selection...
    Original features: 298
    Loaded feature importance from /home/zhengkun-li/frost-risk-forecast-challenge/experiments/test_new_features_100k/feature_importance_3h_all.csv
  After selecting by importance: 175 features
    Selected features: 175
    Removed features: 123
    Train samples: 2235738, Test samples: 131514
    ✅ Brier=0.0067, ECE=0.0020, ROC-AUC=0.9941, MAE=1.9936°C

  Processing 12h horizon...
  Applying feature selection...
    Original features: 298
    Loaded feature importance from /home/zhengkun-li/frost-risk-forecast-challenge/experiments/test_new_features_100k/feature_importance_3h_all.csv
  After selecting by importance: 175 features
    Selected features: 175
    Removed features: 123
    Train samples: 2235636, Test samples: 131508
    ✅ Brier=0.0085, ECE=0.0028, ROC-AUC=0.9907, MAE=1.9855°C

  Processing 24h horizon...
  Applying feature selection...
    Original features: 298
    Loaded feature importance from /home/zhengkun-li/frost-risk-forecast-challenge/experiments/test_new_features_100k/feature_importance_3h_all.csv
  After selecting by importance: 175 features
    Selected features: 175
    Removed features: 123
    Train samples: 2235432, Test samples: 131496
    ✅ Brier=0.0088, ECE=0.0019, ROC-AUC=0.9893, MAE=2.0074°C
  Freed memory: released station 71 data

  ✅ Station 71 completed and saved!
     Progress: 7/18 stations

============================================================
[8/18] Processing Station 80
   Train stations: 17, Test station: 80
============================================================
  Loading data for station 80...
  Memory usage: 4.02 GB
  Train samples: 2235840, Test samples: 131520

  Processing 3h horizon...
  Applying feature selection...
    Original features: 298
    Loaded feature importance from /home/zhengkun-li/frost-risk-forecast-challenge/experiments/test_new_features_100k/feature_importance_3h_all.csv
  After selecting by importance: 175 features
    Selected features: 175
    Removed features: 123
    Train samples: 2235789, Test samples: 131517
    ✅ Brier=0.0024, ECE=0.0018, ROC-AUC=0.9989, MAE=1.3623°C

  Processing 6h horizon...
  Applying feature selection...
    Original features: 298
    Loaded feature importance from /home/zhengkun-li/frost-risk-forecast-challenge/experiments/test_new_features_100k/feature_importance_3h_all.csv
  After selecting by importance: 175 features
    Selected features: 175
    Removed features: 123
    Train samples: 2235738, Test samples: 131514
    ✅ Brier=0.0035, ECE=0.0021, ROC-AUC=0.9972, MAE=1.8232°C

  Processing 12h horizon...
  Applying feature selection...
    Original features: 298
    Loaded feature importance from /home/zhengkun-li/frost-risk-forecast-challenge/experiments/test_new_features_100k/feature_importance_3h_all.csv
  After selecting by importance: 175 features
    Selected features: 175
    Removed features: 123
    Train samples: 2235636, Test samples: 131508
    ✅ Brier=0.0045, ECE=0.0025, ROC-AUC=0.9935, MAE=1.9321°C

  Processing 24h horizon...
  Applying feature selection...
    Original features: 298
    Loaded feature importance from /home/zhengkun-li/frost-risk-forecast-challenge/experiments/test_new_features_100k/feature_importance_3h_all.csv
  After selecting by importance: 175 features
    Selected features: 175
    Removed features: 123
    Train samples: 2235432, Test samples: 131496
    ✅ Brier=0.0048, ECE=0.0027, ROC-AUC=0.9927, MAE=1.9998°C
  Freed memory: released station 80 data

  ✅ Station 80 completed and saved!
     Progress: 8/18 stations

============================================================
[9/18] Processing Station 105
   Train stations: 17, Test station: 105
============================================================
  Loading data for station 105...
  Memory usage: 4.02 GB
  Train samples: 2235840, Test samples: 131520

  Processing 3h horizon...
  Applying feature selection...
    Original features: 298
    Loaded feature importance from /home/zhengkun-li/frost-risk-forecast-challenge/experiments/test_new_features_100k/feature_importance_3h_all.csv
  After selecting by importance: 175 features
    Selected features: 175
    Removed features: 123
    Train samples: 2235789, Test samples: 131517
    ✅ Brier=0.0050, ECE=0.0016, ROC-AUC=0.9969, MAE=1.6119°C

  Processing 6h horizon...
  Applying feature selection...
    Original features: 298
    Loaded feature importance from /home/zhengkun-li/frost-risk-forecast-challenge/experiments/test_new_features_100k/feature_importance_3h_all.csv
  After selecting by importance: 175 features
    Selected features: 175
    Removed features: 123
    Train samples: 2235738, Test samples: 131514
    ✅ Brier=0.0066, ECE=0.0029, ROC-AUC=0.9948, MAE=2.1069°C

  Processing 12h horizon...
  Applying feature selection...
    Original features: 298
    Loaded feature importance from /home/zhengkun-li/frost-risk-forecast-challenge/experiments/test_new_features_100k/feature_importance_3h_all.csv
  After selecting by importance: 175 features
    Selected features: 175
    Removed features: 123
    Train samples: 2235636, Test samples: 131508
    ✅ Brier=0.0082, ECE=0.0033, ROC-AUC=0.9907, MAE=2.1873°C

  Processing 24h horizon...
  Applying feature selection...
    Original features: 298
    Loaded feature importance from /home/zhengkun-li/frost-risk-forecast-challenge/experiments/test_new_features_100k/feature_importance_3h_all.csv
  After selecting by importance: 175 features
    Selected features: 175
    Removed features: 123
    Train samples: 2235432, Test samples: 131496
    ✅ Brier=0.0088, ECE=0.0031, ROC-AUC=0.9887, MAE=2.1805°C
  Freed memory: released station 105 data

  ✅ Station 105 completed and saved!
     Progress: 9/18 stations

============================================================
[10/18] Processing Station 124
   Train stations: 17, Test station: 124
============================================================
  Loading data for station 124...
/home/zhengkun-li/.local/lib/python3.12/site-packages/sklearn/utils/validation.py:2749: UserWarning: X does not have valid feature names, but LGBMClassifier was fitted with feature names
  warnings.warn(
/home/zhengkun-li/.local/lib/python3.12/site-packages/sklearn/utils/validation.py:2749: UserWarning: X does not have valid feature names, but LGBMRegressor was fitted with feature names
  warnings.warn(
/home/zhengkun-li/.local/lib/python3.12/site-packages/sklearn/utils/validation.py:2749: UserWarning: X does not have valid feature names, but LGBMClassifier was fitted with feature names
  warnings.warn(
/home/zhengkun-li/.local/lib/python3.12/site-packages/sklearn/utils/validation.py:2749: UserWarning: X does not have valid feature names, but LGBMRegressor was fitted with feature names
  warnings.warn(
/home/zhengkun-li/.local/lib/python3.12/site-packages/sklearn/utils/validation.py:2749: UserWarning: X does not have valid feature names, but LGBMClassifier was fitted with feature names
  warnings.warn(
/home/zhengkun-li/.local/lib/python3.12/site-packages/sklearn/utils/validation.py:2749: UserWarning: X does not have valid feature names, but LGBMRegressor was fitted with feature names
  warnings.warn(
/home/zhengkun-li/.local/lib/python3.12/site-packages/sklearn/utils/validation.py:2749: UserWarning: X does not have valid feature names, but LGBMClassifier was fitted with feature names
  warnings.warn(
/home/zhengkun-li/.local/lib/python3.12/site-packages/sklearn/utils/validation.py:2749: UserWarning: X does not have valid feature names, but LGBMRegressor was fitted with feature names
  warnings.warn(
/home/zhengkun-li/.local/lib/python3.12/site-packages/sklearn/utils/validation.py:2749: UserWarning: X does not have valid feature names, but LGBMClassifier was fitted with feature names
  warnings.warn(
/home/zhengkun-li/.local/lib/python3.12/site-packages/sklearn/utils/validation.py:2749: UserWarning: X does not have valid feature names, but LGBMRegressor was fitted with feature names
  warnings.warn(
/home/zhengkun-li/.local/lib/python3.12/site-packages/sklearn/utils/validation.py:2749: UserWarning: X does not have valid feature names, but LGBMClassifier was fitted with feature names
  warnings.warn(
/home/zhengkun-li/.local/lib/python3.12/site-packages/sklearn/utils/validation.py:2749: UserWarning: X does not have valid feature names, but LGBMRegressor was fitted with feature names
  warnings.warn(
/home/zhengkun-li/.local/lib/python3.12/site-packages/sklearn/utils/validation.py:2749: UserWarning: X does not have valid feature names, but LGBMClassifier was fitted with feature names
  warnings.warn(
/home/zhengkun-li/.local/lib/python3.12/site-packages/sklearn/utils/validation.py:2749: UserWarning: X does not have valid feature names, but LGBMRegressor was fitted with feature names
  warnings.warn(
/home/zhengkun-li/.local/lib/python3.12/site-packages/sklearn/utils/validation.py:2749: UserWarning: X does not have valid feature names, but LGBMClassifier was fitted with feature names
  warnings.warn(
/home/zhengkun-li/.local/lib/python3.12/site-packages/sklearn/utils/validation.py:2749: UserWarning: X does not have valid feature names, but LGBMRegressor was fitted with feature names
  warnings.warn(
/home/zhengkun-li/.local/lib/python3.12/site-packages/sklearn/utils/validation.py:2749: UserWarning: X does not have valid feature names, but LGBMClassifier was fitted with feature names
  warnings.warn(
/home/zhengkun-li/.local/lib/python3.12/site-packages/sklearn/utils/validation.py:2749: UserWarning: X does not have valid feature names, but LGBMRegressor was fitted with feature names
  warnings.warn(
/home/zhengkun-li/.local/lib/python3.12/site-packages/sklearn/utils/validation.py:2749: UserWarning: X does not have valid feature names, but LGBMClassifier was fitted with feature names
  warnings.warn(
/home/zhengkun-li/.local/lib/python3.12/site-packages/sklearn/utils/validation.py:2749: UserWarning: X does not have valid feature names, but LGBMRegressor was fitted with feature names
  warnings.warn(
/home/zhengkun-li/.local/lib/python3.12/site-packages/sklearn/utils/validation.py:2749: UserWarning: X does not have valid feature names, but LGBMClassifier was fitted with feature names
  warnings.warn(
/home/zhengkun-li/.local/lib/python3.12/site-packages/sklearn/utils/validation.py:2749: UserWarning: X does not have valid feature names, but LGBMRegressor was fitted with feature names
  warnings.warn(
/home/zhengkun-li/.local/lib/python3.12/site-packages/sklearn/utils/validation.py:2749: UserWarning: X does not have valid feature names, but LGBMClassifier was fitted with feature names
  warnings.warn(
/home/zhengkun-li/.local/lib/python3.12/site-packages/sklearn/utils/validation.py:2749: UserWarning: X does not have valid feature names, but LGBMRegressor was fitted with feature names
  warnings.warn(
/home/zhengkun-li/.local/lib/python3.12/site-packages/sklearn/utils/validation.py:2749: UserWarning: X does not have valid feature names, but LGBMClassifier was fitted with feature names
  warnings.warn(
/home/zhengkun-li/.local/lib/python3.12/site-packages/sklearn/utils/validation.py:2749: UserWarning: X does not have valid feature names, but LGBMRegressor was fitted with feature names
  warnings.warn(
/home/zhengkun-li/.local/lib/python3.12/site-packages/sklearn/utils/validation.py:2749: UserWarning: X does not have valid feature names, but LGBMClassifier was fitted with feature names
  warnings.warn(
/home/zhengkun-li/.local/lib/python3.12/site-packages/sklearn/utils/validation.py:2749: UserWarning: X does not have valid feature names, but LGBMRegressor was fitted with feature names
  warnings.warn(
/home/zhengkun-li/.local/lib/python3.12/site-packages/sklearn/utils/validation.py:2749: UserWarning: X does not have valid feature names, but LGBMClassifier was fitted with feature names
  warnings.warn(
/home/zhengkun-li/.local/lib/python3.12/site-packages/sklearn/utils/validation.py:2749: UserWarning: X does not have valid feature names, but LGBMRegressor was fitted with feature names
  warnings.warn(
  Memory usage: 4.02 GB
  Train samples: 2235840, Test samples: 131520

  Processing 3h horizon...
  Applying feature selection...
    Original features: 298
    Loaded feature importance from /home/zhengkun-li/frost-risk-forecast-challenge/experiments/test_new_features_100k/feature_importance_3h_all.csv
  After selecting by importance: 175 features
    Selected features: 175
    Removed features: 123
    Train samples: 2235789, Test samples: 131517
    ✅ Brier=0.0025, ECE=0.0014, ROC-AUC=0.9985, MAE=1.4659°C

  Processing 6h horizon...
  Applying feature selection...
    Original features: 298
    Loaded feature importance from /home/zhengkun-li/frost-risk-forecast-challenge/experiments/test_new_features_100k/feature_importance_3h_all.csv
  After selecting by importance: 175 features
    Selected features: 175
    Removed features: 123
    Train samples: 2235738, Test samples: 131514
    ✅ Brier=0.0037, ECE=0.0023, ROC-AUC=0.9959, MAE=1.9073°C

  Processing 12h horizon...
  Applying feature selection...
    Original features: 298
    Loaded feature importance from /home/zhengkun-li/frost-risk-forecast-challenge/experiments/test_new_features_100k/feature_importance_3h_all.csv
  After selecting by importance: 175 features
    Selected features: 175
    Removed features: 123
    Train samples: 2235636, Test samples: 131508
    ✅ Brier=0.0041, ECE=0.0020, ROC-AUC=0.9958, MAE=1.9370°C

  Processing 24h horizon...
  Applying feature selection...
    Original features: 298
    Loaded feature importance from /home/zhengkun-li/frost-risk-forecast-challenge/experiments/test_new_features_100k/feature_importance_3h_all.csv
  After selecting by importance: 175 features
    Selected features: 175
    Removed features: 123
    Train samples: 2235432, Test samples: 131496
    ✅ Brier=0.0044, ECE=0.0017, ROC-AUC=0.9943, MAE=1.9973°C
  Freed memory: released station 124 data

  ✅ Station 124 completed and saved!
     Progress: 10/18 stations

============================================================
[11/18] Processing Station 125
   Train stations: 17, Test station: 125
============================================================
  Loading data for station 125...
  Memory usage: 4.02 GB
  Train samples: 2235840, Test samples: 131520

  Processing 3h horizon...
  Applying feature selection...
    Original features: 298
    Loaded feature importance from /home/zhengkun-li/frost-risk-forecast-challenge/experiments/test_new_features_100k/feature_importance_3h_all.csv
  After selecting by importance: 175 features
    Selected features: 175
    Removed features: 123
    Train samples: 2235789, Test samples: 131517
    ✅ Brier=0.0022, ECE=0.0011, ROC-AUC=0.9983, MAE=1.5658°C

  Processing 6h horizon...
  Applying feature selection...
    Original features: 298
    Loaded feature importance from /home/zhengkun-li/frost-risk-forecast-challenge/experiments/test_new_features_100k/feature_importance_3h_all.csv
  After selecting by importance: 175 features
    Selected features: 175
    Removed features: 123
    Train samples: 2235738, Test samples: 131514
    ✅ Brier=0.0029, ECE=0.0013, ROC-AUC=0.9970, MAE=2.0489°C

  Processing 12h horizon...
  Applying feature selection...
    Original features: 298
    Loaded feature importance from /home/zhengkun-li/frost-risk-forecast-challenge/experiments/test_new_features_100k/feature_importance_3h_all.csv
  After selecting by importance: 175 features
    Selected features: 175
    Removed features: 123
    Train samples: 2235636, Test samples: 131508
    ✅ Brier=0.0037, ECE=0.0019, ROC-AUC=0.9926, MAE=2.1521°C

  Processing 24h horizon...
  Applying feature selection...
    Original features: 298
    Loaded feature importance from /home/zhengkun-li/frost-risk-forecast-challenge/experiments/test_new_features_100k/feature_importance_3h_all.csv
  After selecting by importance: 175 features
    Selected features: 175
    Removed features: 123
    Train samples: 2235432, Test samples: 131496
    ✅ Brier=0.0039, ECE=0.0013, ROC-AUC=0.9921, MAE=2.2092°C
  Freed memory: released station 125 data

  ✅ Station 125 completed and saved!
     Progress: 11/18 stations

============================================================
[12/18] Processing Station 131
   Train stations: 17, Test station: 131
============================================================
  Loading data for station 131...
  Memory usage: 4.02 GB
  Train samples: 2235840, Test samples: 131520

  Processing 3h horizon...
  Applying feature selection...
    Original features: 298
    Loaded feature importance from /home/zhengkun-li/frost-risk-forecast-challenge/experiments/test_new_features_100k/feature_importance_3h_all.csv
  After selecting by importance: 175 features
    Selected features: 175
    Removed features: 123
    Train samples: 2235789, Test samples: 131517
    ✅ Brier=0.0014, ECE=0.0010, ROC-AUC=0.9989, MAE=1.3957°C

  Processing 6h horizon...
  Applying feature selection...
    Original features: 298
    Loaded feature importance from /home/zhengkun-li/frost-risk-forecast-challenge/experiments/test_new_features_100k/feature_importance_3h_all.csv
  After selecting by importance: 175 features
    Selected features: 175
    Removed features: 123
    Train samples: 2235738, Test samples: 131514
    ✅ Brier=0.0020, ECE=0.0010, ROC-AUC=0.9968, MAE=1.8494°C

  Processing 12h horizon...
  Applying feature selection...
    Original features: 298
    Loaded feature importance from /home/zhengkun-li/frost-risk-forecast-challenge/experiments/test_new_features_100k/feature_importance_3h_all.csv
  After selecting by importance: 175 features
    Selected features: 175
    Removed features: 123
    Train samples: 2235636, Test samples: 131508
    ✅ Brier=0.0027, ECE=0.0017, ROC-AUC=0.9936, MAE=2.0439°C

  Processing 24h horizon...
  Applying feature selection...
    Original features: 298
    Loaded feature importance from /home/zhengkun-li/frost-risk-forecast-challenge/experiments/test_new_features_100k/feature_importance_3h_all.csv
  After selecting by importance: 175 features
    Selected features: 175
    Removed features: 123
    Train samples: 2235432, Test samples: 131496
    ✅ Brier=0.0028, ECE=0.0011, ROC-AUC=0.9888, MAE=2.0940°C
  Freed memory: released station 131 data

  ✅ Station 131 completed and saved!
     Progress: 12/18 stations

============================================================
[13/18] Processing Station 146
   Train stations: 17, Test station: 146
============================================================
  Loading data for station 146...
  Memory usage: 4.02 GB
  Train samples: 2235840, Test samples: 131520

  Processing 3h horizon...
  Applying feature selection...
    Original features: 298
    Loaded feature importance from /home/zhengkun-li/frost-risk-forecast-challenge/experiments/test_new_features_100k/feature_importance_3h_all.csv
  After selecting by importance: 175 features
    Selected features: 175
    Removed features: 123
    Train samples: 2235789, Test samples: 131517
    ✅ Brier=0.0030, ECE=0.0008, ROC-AUC=0.9977, MAE=1.5604°C

  Processing 6h horizon...
  Applying feature selection...
    Original features: 298
    Loaded feature importance from /home/zhengkun-li/frost-risk-forecast-challenge/experiments/test_new_features_100k/feature_importance_3h_all.csv
  After selecting by importance: 175 features
    Selected features: 175
    Removed features: 123
    Train samples: 2235738, Test samples: 131514
    ✅ Brier=0.0039, ECE=0.0015, ROC-AUC=0.9959, MAE=1.9453°C

  Processing 12h horizon...
  Applying feature selection...
    Original features: 298
    Loaded feature importance from /home/zhengkun-li/frost-risk-forecast-challenge/experiments/test_new_features_100k/feature_importance_3h_all.csv
  After selecting by importance: 175 features
    Selected features: 175
    Removed features: 123
    Train samples: 2235636, Test samples: 131508
    ✅ Brier=0.0048, ECE=0.0015, ROC-AUC=0.9884, MAE=1.9395°C

  Processing 24h horizon...
  Applying feature selection...
    Original features: 298
/home/zhengkun-li/.local/lib/python3.12/site-packages/sklearn/utils/validation.py:2749: UserWarning: X does not have valid feature names, but LGBMClassifier was fitted with feature names
  warnings.warn(
/home/zhengkun-li/.local/lib/python3.12/site-packages/sklearn/utils/validation.py:2749: UserWarning: X does not have valid feature names, but LGBMRegressor was fitted with feature names
  warnings.warn(
/home/zhengkun-li/.local/lib/python3.12/site-packages/sklearn/utils/validation.py:2749: UserWarning: X does not have valid feature names, but LGBMClassifier was fitted with feature names
  warnings.warn(
/home/zhengkun-li/.local/lib/python3.12/site-packages/sklearn/utils/validation.py:2749: UserWarning: X does not have valid feature names, but LGBMRegressor was fitted with feature names
  warnings.warn(
/home/zhengkun-li/.local/lib/python3.12/site-packages/sklearn/utils/validation.py:2749: UserWarning: X does not have valid feature names, but LGBMClassifier was fitted with feature names
  warnings.warn(
/home/zhengkun-li/.local/lib/python3.12/site-packages/sklearn/utils/validation.py:2749: UserWarning: X does not have valid feature names, but LGBMRegressor was fitted with feature names
  warnings.warn(
/home/zhengkun-li/.local/lib/python3.12/site-packages/sklearn/utils/validation.py:2749: UserWarning: X does not have valid feature names, but LGBMClassifier was fitted with feature names
  warnings.warn(
/home/zhengkun-li/.local/lib/python3.12/site-packages/sklearn/utils/validation.py:2749: UserWarning: X does not have valid feature names, but LGBMRegressor was fitted with feature names
  warnings.warn(
/home/zhengkun-li/.local/lib/python3.12/site-packages/sklearn/utils/validation.py:2749: UserWarning: X does not have valid feature names, but LGBMClassifier was fitted with feature names
  warnings.warn(
/home/zhengkun-li/.local/lib/python3.12/site-packages/sklearn/utils/validation.py:2749: UserWarning: X does not have valid feature names, but LGBMRegressor was fitted with feature names
  warnings.warn(
/home/zhengkun-li/.local/lib/python3.12/site-packages/sklearn/utils/validation.py:2749: UserWarning: X does not have valid feature names, but LGBMClassifier was fitted with feature names
  warnings.warn(
/home/zhengkun-li/.local/lib/python3.12/site-packages/sklearn/utils/validation.py:2749: UserWarning: X does not have valid feature names, but LGBMRegressor was fitted with feature names
  warnings.warn(
/home/zhengkun-li/.local/lib/python3.12/site-packages/sklearn/utils/validation.py:2749: UserWarning: X does not have valid feature names, but LGBMClassifier was fitted with feature names
  warnings.warn(
/home/zhengkun-li/.local/lib/python3.12/site-packages/sklearn/utils/validation.py:2749: UserWarning: X does not have valid feature names, but LGBMRegressor was fitted with feature names
  warnings.warn(
/home/zhengkun-li/.local/lib/python3.12/site-packages/sklearn/utils/validation.py:2749: UserWarning: X does not have valid feature names, but LGBMClassifier was fitted with feature names
  warnings.warn(
/home/zhengkun-li/.local/lib/python3.12/site-packages/sklearn/utils/validation.py:2749: UserWarning: X does not have valid feature names, but LGBMRegressor was fitted with feature names
  warnings.warn(
/home/zhengkun-li/.local/lib/python3.12/site-packages/sklearn/utils/validation.py:2749: UserWarning: X does not have valid feature names, but LGBMClassifier was fitted with feature names
  warnings.warn(
/home/zhengkun-li/.local/lib/python3.12/site-packages/sklearn/utils/validation.py:2749: UserWarning: X does not have valid feature names, but LGBMRegressor was fitted with feature names
  warnings.warn(
/home/zhengkun-li/.local/lib/python3.12/site-packages/sklearn/utils/validation.py:2749: UserWarning: X does not have valid feature names, but LGBMClassifier was fitted with feature names
  warnings.warn(
/home/zhengkun-li/.local/lib/python3.12/site-packages/sklearn/utils/validation.py:2749: UserWarning: X does not have valid feature names, but LGBMRegressor was fitted with feature names
  warnings.warn(
/home/zhengkun-li/.local/lib/python3.12/site-packages/sklearn/utils/validation.py:2749: UserWarning: X does not have valid feature names, but LGBMClassifier was fitted with feature names
  warnings.warn(
/home/zhengkun-li/.local/lib/python3.12/site-packages/sklearn/utils/validation.py:2749: UserWarning: X does not have valid feature names, but LGBMRegressor was fitted with feature names
  warnings.warn(
/home/zhengkun-li/.local/lib/python3.12/site-packages/sklearn/utils/validation.py:2749: UserWarning: X does not have valid feature names, but LGBMClassifier was fitted with feature names
  warnings.warn(
/home/zhengkun-li/.local/lib/python3.12/site-packages/sklearn/utils/validation.py:2749: UserWarning: X does not have valid feature names, but LGBMRegressor was fitted with feature names
  warnings.warn(
/home/zhengkun-li/.local/lib/python3.12/site-packages/sklearn/utils/validation.py:2749: UserWarning: X does not have valid feature names, but LGBMClassifier was fitted with feature names
  warnings.warn(
/home/zhengkun-li/.local/lib/python3.12/site-packages/sklearn/utils/validation.py:2749: UserWarning: X does not have valid feature names, but LGBMRegressor was fitted with feature names
  warnings.warn(
/home/zhengkun-li/.local/lib/python3.12/site-packages/sklearn/utils/validation.py:2749: UserWarning: X does not have valid feature names, but LGBMClassifier was fitted with feature names
  warnings.warn(
/home/zhengkun-li/.local/lib/python3.12/site-packages/sklearn/utils/validation.py:2749: UserWarning: X does not have valid feature names, but LGBMRegressor was fitted with feature names
  warnings.warn(
    Loaded feature importance from /home/zhengkun-li/frost-risk-forecast-challenge/experiments/test_new_features_100k/feature_importance_3h_all.csv
  After selecting by importance: 175 features
    Selected features: 175
    Removed features: 123
    Train samples: 2235432, Test samples: 131496
    ✅ Brier=0.0051, ECE=0.0017, ROC-AUC=0.9895, MAE=2.0177°C
  Freed memory: released station 146 data

  ✅ Station 146 completed and saved!
     Progress: 13/18 stations

============================================================
[14/18] Processing Station 182
   Train stations: 17, Test station: 182
============================================================
  Loading data for station 182...
  Memory usage: 4.02 GB
  Train samples: 2235840, Test samples: 131520

  Processing 3h horizon...
  Applying feature selection...
    Original features: 298
    Loaded feature importance from /home/zhengkun-li/frost-risk-forecast-challenge/experiments/test_new_features_100k/feature_importance_3h_all.csv
  After selecting by importance: 175 features
    Selected features: 175
    Removed features: 123
    Train samples: 2235789, Test samples: 131517
    ✅ Brier=0.0037, ECE=0.0011, ROC-AUC=0.9970, MAE=1.4696°C

  Processing 6h horizon...
  Applying feature selection...
    Original features: 298
    Loaded feature importance from /home/zhengkun-li/frost-risk-forecast-challenge/experiments/test_new_features_100k/feature_importance_3h_all.csv
  After selecting by importance: 175 features
    Selected features: 175
    Removed features: 123
    Train samples: 2235738, Test samples: 131514
    ✅ Brier=0.0052, ECE=0.0016, ROC-AUC=0.9947, MAE=1.9283°C

  Processing 12h horizon...
  Applying feature selection...
    Original features: 298
    Loaded feature importance from /home/zhengkun-li/frost-risk-forecast-challenge/experiments/test_new_features_100k/feature_importance_3h_all.csv
  After selecting by importance: 175 features
    Selected features: 175
    Removed features: 123
    Train samples: 2235636, Test samples: 131508
    ✅ Brier=0.0067, ECE=0.0019, ROC-AUC=0.9915, MAE=1.9921°C

  Processing 24h horizon...
  Applying feature selection...
    Original features: 298
    Loaded feature importance from /home/zhengkun-li/frost-risk-forecast-challenge/experiments/test_new_features_100k/feature_importance_3h_all.csv
  After selecting by importance: 175 features
    Selected features: 175
    Removed features: 123
    Train samples: 2235432, Test samples: 131496
    ✅ Brier=0.0072, ECE=0.0033, ROC-AUC=0.9892, MAE=2.0887°C
  Freed memory: released station 182 data

  ✅ Station 182 completed and saved!
     Progress: 14/18 stations

============================================================
[15/18] Processing Station 194
   Train stations: 17, Test station: 194
============================================================
  Loading data for station 194...
  Memory usage: 4.02 GB
  Train samples: 2235840, Test samples: 131520

  Processing 3h horizon...
  Applying feature selection...
    Original features: 298
    Loaded feature importance from /home/zhengkun-li/frost-risk-forecast-challenge/experiments/test_new_features_100k/feature_importance_3h_all.csv
  After selecting by importance: 175 features
    Selected features: 175
    Removed features: 123
    Train samples: 2235789, Test samples: 131517
    ✅ Brier=0.0030, ECE=0.0011, ROC-AUC=0.9980, MAE=1.3454°C

  Processing 6h horizon...
  Applying feature selection...
    Original features: 298
    Loaded feature importance from /home/zhengkun-li/frost-risk-forecast-challenge/experiments/test_new_features_100k/feature_importance_3h_all.csv
  After selecting by importance: 175 features
    Selected features: 175
    Removed features: 123
    Train samples: 2235738, Test samples: 131514
    ✅ Brier=0.0047, ECE=0.0037, ROC-AUC=0.9947, MAE=1.7946°C

  Processing 12h horizon...
  Applying feature selection...
    Original features: 298
    Loaded feature importance from /home/zhengkun-li/frost-risk-forecast-challenge/experiments/test_new_features_100k/feature_importance_3h_all.csv
  After selecting by importance: 175 features
    Selected features: 175
    Removed features: 123
    Train samples: 2235636, Test samples: 131508
    ✅ Brier=0.0048, ECE=0.0021, ROC-AUC=0.9910, MAE=1.8788°C

  Processing 24h horizon...
  Applying feature selection...
    Original features: 298
    Loaded feature importance from /home/zhengkun-li/frost-risk-forecast-challenge/experiments/test_new_features_100k/feature_importance_3h_all.csv
  After selecting by importance: 175 features
    Selected features: 175
    Removed features: 123
    Train samples: 2235432, Test samples: 131496
    ✅ Brier=0.0060, ECE=0.0027, ROC-AUC=0.9870, MAE=1.8882°C
  Freed memory: released station 194 data

  ✅ Station 194 completed and saved!
     Progress: 15/18 stations

============================================================
[16/18] Processing Station 195
   Train stations: 17, Test station: 195
============================================================
  Loading data for station 195...
  Memory usage: 4.02 GB
  Train samples: 2235840, Test samples: 131520

  Processing 3h horizon...
  Applying feature selection...
    Original features: 298
    Loaded feature importance from /home/zhengkun-li/frost-risk-forecast-challenge/experiments/test_new_features_100k/feature_importance_3h_all.csv
  After selecting by importance: 175 features
    Selected features: 175
    Removed features: 123
    Train samples: 2235789, Test samples: 131517
    ✅ Brier=0.0022, ECE=0.0016, ROC-AUC=0.9951, MAE=1.5303°C

  Processing 6h horizon...
  Applying feature selection...
    Original features: 298
    Loaded feature importance from /home/zhengkun-li/frost-risk-forecast-challenge/experiments/test_new_features_100k/feature_importance_3h_all.csv
  After selecting by importance: 175 features
    Selected features: 175
    Removed features: 123
    Train samples: 2235738, Test samples: 131514
    ✅ Brier=0.0032, ECE=0.0026, ROC-AUC=0.9916, MAE=2.0011°C

  Processing 12h horizon...
  Applying feature selection...
    Original features: 298
    Loaded feature importance from /home/zhengkun-li/frost-risk-forecast-challenge/experiments/test_new_features_100k/feature_importance_3h_all.csv
  After selecting by importance: 175 features
    Selected features: 175
    Removed features: 123
    Train samples: 2235636, Test samples: 131508
    ✅ Brier=0.0031, ECE=0.0021, ROC-AUC=0.9790, MAE=2.1571°C

  Processing 24h horizon...
  Applying feature selection...
    Original features: 298
    Loaded feature importance from /home/zhengkun-li/frost-risk-forecast-challenge/experiments/test_new_features_100k/feature_importance_3h_all.csv
  After selecting by importance: 175 features
    Selected features: 175
    Removed features: 123
    Train samples: 2235432, Test samples: 131496
    ✅ Brier=0.0032, ECE=0.0014, ROC-AUC=0.9598, MAE=2.1778°C
  Freed memory: released station 195 data

  ✅ Station 195 completed and saved!
     Progress: 16/18 stations

============================================================
[17/18] Processing Station 205
   Train stations: 17, Test station: 205
============================================================
  Loading data for station 205...
  Memory usage: 4.02 GB
  Train samples: 2235840, Test samples: 131520

  Processing 3h horizon...
  Applying feature selection...
    Original features: 298
    Loaded feature importance from /home/zhengkun-li/frost-risk-forecast-challenge/experiments/test_new_features_100k/feature_importance_3h_all.csv
  After selecting by importance: 175 features
    Selected features: 175
    Removed features: 123
    Train samples: 2235789, Test samples: 131517
    ✅ Brier=0.0025, ECE=0.0029, ROC-AUC=0.9962, MAE=1.5150°C

  Processing 6h horizon...
  Applying feature selection...
    Original features: 298
    Loaded feature importance from /home/zhengkun-li/frost-risk-forecast-challenge/experiments/test_new_features_100k/feature_importance_3h_all.csv
  After selecting by importance: 175 features
    Selected features: 175
    Removed features: 123
/home/zhengkun-li/.local/lib/python3.12/site-packages/sklearn/utils/validation.py:2749: UserWarning: X does not have valid feature names, but LGBMClassifier was fitted with feature names
  warnings.warn(
/home/zhengkun-li/.local/lib/python3.12/site-packages/sklearn/utils/validation.py:2749: UserWarning: X does not have valid feature names, but LGBMRegressor was fitted with feature names
  warnings.warn(
/home/zhengkun-li/.local/lib/python3.12/site-packages/sklearn/utils/validation.py:2749: UserWarning: X does not have valid feature names, but LGBMClassifier was fitted with feature names
  warnings.warn(
/home/zhengkun-li/.local/lib/python3.12/site-packages/sklearn/utils/validation.py:2749: UserWarning: X does not have valid feature names, but LGBMRegressor was fitted with feature names
  warnings.warn(
/home/zhengkun-li/.local/lib/python3.12/site-packages/sklearn/utils/validation.py:2749: UserWarning: X does not have valid feature names, but LGBMClassifier was fitted with feature names
  warnings.warn(
/home/zhengkun-li/.local/lib/python3.12/site-packages/sklearn/utils/validation.py:2749: UserWarning: X does not have valid feature names, but LGBMRegressor was fitted with feature names
  warnings.warn(
/home/zhengkun-li/.local/lib/python3.12/site-packages/sklearn/utils/validation.py:2749: UserWarning: X does not have valid feature names, but LGBMClassifier was fitted with feature names
  warnings.warn(
/home/zhengkun-li/.local/lib/python3.12/site-packages/sklearn/utils/validation.py:2749: UserWarning: X does not have valid feature names, but LGBMRegressor was fitted with feature names
  warnings.warn(
/home/zhengkun-li/.local/lib/python3.12/site-packages/sklearn/utils/validation.py:2749: UserWarning: X does not have valid feature names, but LGBMClassifier was fitted with feature names
  warnings.warn(
/home/zhengkun-li/.local/lib/python3.12/site-packages/sklearn/utils/validation.py:2749: UserWarning: X does not have valid feature names, but LGBMRegressor was fitted with feature names
  warnings.warn(
/home/zhengkun-li/.local/lib/python3.12/site-packages/sklearn/utils/validation.py:2749: UserWarning: X does not have valid feature names, but LGBMClassifier was fitted with feature names
  warnings.warn(
/home/zhengkun-li/.local/lib/python3.12/site-packages/sklearn/utils/validation.py:2749: UserWarning: X does not have valid feature names, but LGBMRegressor was fitted with feature names
  warnings.warn(
/home/zhengkun-li/.local/lib/python3.12/site-packages/sklearn/utils/validation.py:2749: UserWarning: X does not have valid feature names, but LGBMClassifier was fitted with feature names
  warnings.warn(
/home/zhengkun-li/.local/lib/python3.12/site-packages/sklearn/utils/validation.py:2749: UserWarning: X does not have valid feature names, but LGBMRegressor was fitted with feature names
  warnings.warn(
    Train samples: 2235738, Test samples: 131514
    ✅ Brier=0.0036, ECE=0.0052, ROC-AUC=0.9935, MAE=2.0242°C

  Processing 12h horizon...
  Applying feature selection...
    Original features: 298
    Loaded feature importance from /home/zhengkun-li/frost-risk-forecast-challenge/experiments/test_new_features_100k/feature_importance_3h_all.csv
  After selecting by importance: 175 features
    Selected features: 175
    Removed features: 123
    Train samples: 2235636, Test samples: 131508
    ✅ Brier=0.0033, ECE=0.0046, ROC-AUC=0.9915, MAE=2.2106°C

  Processing 24h horizon...
  Applying feature selection...
    Original features: 298
    Loaded feature importance from /home/zhengkun-li/frost-risk-forecast-challenge/experiments/test_new_features_100k/feature_importance_3h_all.csv
  After selecting by importance: 175 features
    Selected features: 175
    Removed features: 123
    Train samples: 2235432, Test samples: 131496
    ✅ Brier=0.0071, ECE=0.0111, ROC-AUC=0.9849, MAE=2.1675°C
  Freed memory: released station 205 data

  ✅ Station 205 completed and saved!
     Progress: 17/18 stations

============================================================
[18/18] Processing Station 206
   Train stations: 17, Test station: 206
============================================================
  Loading data for station 206...
  Memory usage: 4.02 GB
  Train samples: 2235840, Test samples: 131520

  Processing 3h horizon...
  Applying feature selection...
    Original features: 298
    Loaded feature importance from /home/zhengkun-li/frost-risk-forecast-challenge/experiments/test_new_features_100k/feature_importance_3h_all.csv
  After selecting by importance: 175 features
    Selected features: 175
    Removed features: 123
    Train samples: 2235789, Test samples: 131517
    ✅ Brier=0.0036, ECE=0.0013, ROC-AUC=0.9964, MAE=1.2940°C

  Processing 6h horizon...
  Applying feature selection...
    Original features: 298
    Loaded feature importance from /home/zhengkun-li/frost-risk-forecast-challenge/experiments/test_new_features_100k/feature_importance_3h_all.csv
  After selecting by importance: 175 features
    Selected features: 175
    Removed features: 123
    Train samples: 2235738, Test samples: 131514
    ✅ Brier=0.0046, ECE=0.0010, ROC-AUC=0.9945, MAE=1.7391°C

  Processing 12h horizon...
  Applying feature selection...
    Original features: 298
    Loaded feature importance from /home/zhengkun-li/frost-risk-forecast-challenge/experiments/test_new_features_100k/feature_importance_3h_all.csv
  After selecting by importance: 175 features
    Selected features: 175
    Removed features: 123
    Train samples: 2235636, Test samples: 131508
    ✅ Brier=0.0056, ECE=0.0020, ROC-AUC=0.9887, MAE=1.8703°C

  Processing 24h horizon...
  Applying feature selection...
    Original features: 298
    Loaded feature importance from /home/zhengkun-li/frost-risk-forecast-challenge/experiments/test_new_features_100k/feature_importance_3h_all.csv
  After selecting by importance: 175 features
    Selected features: 175
    Removed features: 123
    Train samples: 2235432, Test samples: 131496
    ✅ Brier=0.0063, ECE=0.0018, ROC-AUC=0.9876, MAE=1.8893°C
  Freed memory: released station 206 data

  ✅ Station 206 completed and saved!
     Progress: 18/18 stations

============================================================
Calculating summary statistics...
============================================================

============================================================
LOSO Summary Statistics
============================================================

3h Horizon:
  Stations evaluated: 18
  Brier Score: 0.0030 ± 0.0010
  ECE: 0.0014 ± 0.0005
  ROC-AUC: 0.9974 ± 0.0011
  PR-AUC: 0.8224 ± 0.0645
  Temp MAE: 1.4423 ± 0.0887°C
  Temp RMSE: 1.8500 ± 0.1150°C
  Temp R²: 0.9554 ± 0.0060

6h Horizon:
  Stations evaluated: 18
  Brier Score: 0.0042 ± 0.0013
  ECE: 0.0022 ± 0.0010
  ROC-AUC: 0.9953 ± 0.0016
  PR-AUC: 0.7085 ± 0.0880
  Temp MAE: 1.9066 ± 0.0967°C
  Temp RMSE: 2.4077 ± 0.1196°C
  Temp R²: 0.9245 ± 0.0094

12h Horizon:
  Stations evaluated: 18
  Brier Score: 0.0051 ± 0.0017
  ECE: 0.0025 ± 0.0008
  ROC-AUC: 0.9912 ± 0.0036
  PR-AUC: 0.5758 ± 0.1061
  Temp MAE: 2.0033 ± 0.1038°C
  Temp RMSE: 2.5751 ± 0.1302°C
  Temp R²: 0.9135 ± 0.0120

24h Horizon:
  Stations evaluated: 18
  Brier Score: 0.0056 ± 0.0018
  ECE: 0.0028 ± 0.0022
  ROC-AUC: 0.9878 ± 0.0076
  PR-AUC: 0.5192 ± 0.1152
  Temp MAE: 2.0417 ± 0.0915°C
  Temp RMSE: 2.6228 ± 0.1126°C
  Temp R²: 0.9104 ± 0.0109

✅ LOSO evaluation completed!
Results saved to: experiments/full_data_training_top175/loso
